cscope 15 $HOME/CANTIERE/u-boot-dg/10_u-boot_pepe2kmod -c               0000015167
	@pepe2kmod.files

1 ./
	ghost_util
/
	glzma
/
	gC
/
	gLzmaEnc
.
	gc


2 ./
	ghost_util
/
	glzma
/
	gC
/
	gLzmaDec
.
	gc


3 ./
	ghost_util
/
	glzma
/
	gC
/
	gLzFind
.
	gc


4 ./
	ghost_util
/
	glzma
/
	gC
/7
	gzCrc
.
	gc


5 ./
	ghost_util
/
	glzma
/
	gC
/
	gAlloc
.
	gc


6 ./
	gu
-
	gboot
/
	grtc
/
	gdate
.
	gc


7 ./
	gu
-
	gboot
/
	glib_mips
/
	gboard
.
	gc


8 ./
	gu
-
	gboot
/
	glib_mips
/
	gmips_linux
.
	gc


9 ./
	gu
-
	gboot
/
	glib_mips
/
	gtime
.
	gc


10 ./
	gu
-
	gboot
/
	ghttpd
/
	gfsdata
.
	gc


11 ./
	gu
-
	gboot
/
	ghttpd
/
	guip
.
	gc


12 ./
	gu
-
	gboot
/
	ghttpd
/httpd.
	gc


13 ./
	gu
-
	gboot
/
	ghttpd
/
	gfs
.
	gc


14 ./
	gu
-
	gboot
/
	ghttpd
/
	guip_arp
.
	gc


15 ./
	gu
-
	gboot
/
	ghttpd
/
	guip_arch
.
	gc


16 ./
	gu
-
	gboot
/
	ghttpd
/
	gtapdev
.
	gc


17 ./
	gu
-
	gboot
/
	ghttpd
/
	gmain
.
	gc


18 ./
	gu
-
	gboot
/
	gtools
/
	genvironment
.
	gc


19 ./
	gu
-
	gboot
/
	gtools
/
	gmkimage
.
	gc


20 ./
	gu
-
	gboot
/
	gtools
/
	gcrc32
.
	gc


21 ./
	gu
-
	gboot
/
	gtools
/
	genvcrc
.
	gc


22 ./
	gu
-
	gboot
/
	glib_generic
/
	gstring
.
	gc


23 ./
	gu
-
	gboot
/
	glib_generic
/
	gldiv
.
	gc


24 ./
	gu
-
	gboot
/
	glib_generic
/
	gtinfcrc32
.
	gc


25 ./
	gu
-
	gboot
/
	glib_generic
/
	gLzmaDecode
.
	gc


26 ./
	gu
-
	gboot
/
	glib_generic
/
	gvsprintf
.
	gc


27 ./
	gu
-
	gboot
/
	glib_generic
/
	gLzmaWrapper
.
	gc


28 ./
	gu
-
	gboot
/
	glib_generic
/
	gtinflate
.
	gc


29 ./
	gu
-
	gboot
/
	glib_generic
/
	gcrc32
.
	gc


30 ./
	gu
-
	gboot
/
	glib_generic
/
	gdisplay_options
.
	gc


31 ./
	gu
-
	gboot
/
	glib_generic
/
	gtinfgzip
.
	gc


32 ./
	gu
-
	gboot
/
	glib_generic
/
	gctype
.
	gc


33 ./
	gu
-
	gboot
/
	gdrivers
/
	gnetconsole
.
	gc


34 ./
	gu
-
	gboot
/
	gnet
/
	ghttpd
.
	gc


35 ./
	gu
-
	gboot
/
	gnet
/
	gnfs
.
	gc


36 ./
	gu
-
	gboot
/
	gnet
/
	gsntp
.
	gc


37 ./
	gu
-
	gboot
/
	gnet
/
	grarp
.
	gc


38 ./
	gu
-
	gboot
/
	gnet
/
	gbootp
.
	gc


39 ./
	gu
-
	gboot
/
	gnet
/net.
	gc


40 ./
	gu
-
	gboot
/
	gnet
/
	geth
.
	gc


41 ./
	gu
-
	gboot
/
	gnet
/
	gtftp
.
	gc


42 ./
	gu
-
	gboot
/
	glib_bootstrap
/
	gstring
.
	gc


43 ./
	gu
-
	gboot
/
	glib_bootstrap
/
	gLzmaDecode
.
	gc


44 ./
	gu
-
	gboot
/
	glib_bootstrap
/
	gLzmaWrapper
.
	gc


45 ./
	gu
-
	gboot
/
	glib_bootstrap
/
	gbootstrap_board
.
	gc


46 ./
	gu
-
	gboot
/
	gcommon
/
	gexports
.
	gc


47 ./
	gu
-
	gboot
/
	gcommon
/
	genv_flash
.
	gc


48 ./
	gu
-
	gboot
/
	gcommon
/
	gcmd_nvedit
.
	gc


49 ./
	gu
-
	gboot
/
	gcommon
/
	gxyzModem
.
	gc


50 ./
	gu
-
	gboot
/
	gcommon
/
	genvironment
.
	gc


51 ./
	gu
-
	gboot
/
	gcommon
/
	genv_common
.
	gc


52 ./
	gu
-
	gboot
/
	gcommon
/
	gflash
.
	gc


53 ./
	gu
-
	gboot
/
	gcommon
/
	gcmd_boot
.
	gc


54 ./
	gu
-
	gboot
/
	gcommon
/
	gcmd_qcaclk
.
	gc


55 ./
	gu
-
	gboot
/
	gcommon
/
	gcmd_qcagpio
.
	gc


56 ./
	gu
-
	gboot
/
	gcommon
/
	gcmd_custom
.
	gc


57 ./
	gu
-
	gboot
/
	gcommon
/
	gcmd_itest
.
	gc


58 ./
	gu
-
	gboot
/
	gcommon
/
	gconsole
.
	gc


59 ./
	gu
-
	gboot
/
	gcommon
/
	gcmd_mem
.
	gc


60 ./
	gu
-
	gboot
/
	gcommon
/
	gdlmalloc
.
	gc


61 ./
	gu
-
	gboot
/
	gcommon
/
	gcommand
.
	gc


62 ./
	gu
-
	gboot
/
	gcommon
/
	gdevices
.
	gc


63 ./
	gu
-
	gboot
/
	gcommon
/
	glists
.
	gc


64 ./
	gu
-
	gboot
/
	gcommon
/
	gcrc16
.
	gc


65 ./
	gu
-
	gboot
/
	gcommon
/
	gcmd_bootm
.
	gc


66 ./
	gu
-
	gboot
/
	gcommon
/
	gcmd_net
.
	gc


67 ./
	gu
-
	gboot
/
	gcommon
/
	genv_nowhere
.
	gc


68 ./
	gu
-
	gboot
/
	gcommon
/
	ghush
.
	gc


69 ./
	gu
-
	gboot
/
	gcommon
/
	gcmd_load
.
	gc


70 ./
	gu
-
	gboot
/
	gcommon
/
	gcmd_flash
.
	gc


71 ./
	gu
-
	gboot
/
	gcommon
/
	gs_record
.
	gc


72 ./
	gu
-
	gboot
/
	gcommon
/
	gmain
.
	gc


73 ./
	gu
-
	gboot
/
	gcpu
/
	gmips
/
	gar7240
/
	gag7240
.
	gc


74 ./
	gu
-
	gboot
/
	gcpu
/
	gmips
/
	gar7240
/
	gqca_sf
.
	gc


75 ./
	gu
-
	gboot
/
	gcpu
/
	gmips
/
	gar7240
/
	gqca_clocks
.
	gc


76 ./
	gu
-
	gboot
/
	gcpu
/
	gmips
/
	gar7240
/
	gqca_common
.
	gc


77 ./
	gu
-
	gboot
/
	gcpu
/
	gmips
/
	gar7240
/
	gqca_hs_uart
.
	gc


78 ./
	gu
-
	gboot
/
	gcpu
/
	gmips
/
	gar7240
/
	gqca_dram
.
	gc


79 ./
	gu
-
	gboot
/
	gcpu
/
	gmips
/
	gar7240
/
	gag934x
.
	gc


80 ./
	gu
-
	gboot
/
	gcpu
/
	gmips
/
	gar7240
/
	gqca_pci
.
	gc


81 ./
	gu
-
	gboot
/
	gcpu
/
	gmips
/
	gar7240
/
	gqca_usb
.
	gc


82 ./
	gu
-
	gboot
/
	gcpu
/
	gmips
/
	gar7240
/
	gqca_ls_uart
.
	gc


83 ./
	gu
-
	gboot
/
	gcpu
/
	gmips
/cpu.
	gc


84 ./
	gu
-
	gboot
/
	gboard
/
	gar7240
/
	gdb12x
/db12x.
	gc


85 ./
	gu
-
	gboot
/
	gboard
/
	gar7240
/
	gap143
/ap143.
	gc


86 ./
	gu
-
	gboot
/
	gboard
/
	gar7240
/
	gcommon
/
	gar7240_s26_phy
.
	gc


87 ./
	gu
-
	gboot
/
	gboard
/
	gar7240
/
	gcommon
/
	gqca
-
	geth
-953x.c

88 ./
	gu
-
	gboot
/
	gboard
/
	gar7240
/
	gcommon
/
	gathr_s27_phy
.
	gc


89 ./
	gu
-
	gboot
/
	gboard
/
	gar7240
/
	gcommon
/
	gathrs17_phy
.
	gc


90 ./
	gu
-
	gboot
/
	gboard
/
	gar7240
/
	gcommon
/
	gspi_flash
.
	gc


91 ./
	gu
-
	gboot
/
	gboard
/
	gar7240
/
	gcommon
/
	gathrs27_phy
.
	gc


92 ./
	gu
-
	gboot
/
	gboard
/
	gar7240
/
	gcommon
/common.
	gc


93 ./
	gu
-
	gboot
/
	gboard
/
	gar7240
/
	gap121
/ap121.
	gc


94 ./
	ghost_util
/
	glzma
/
	gIDecl
.
	gh


95 ./
	ghost_util
/
	glzma
/
	gException
.
	gh


96 ./
	ghost_util
/
	glzma
/
	gICoder
.
	gh


97 ./
	ghost_util
/
	glzma
/
	gOutBuffer
.
	gh


98 ./
	ghost_util
/
	glzma
/
	gLzmaDecoder
.
	gh


99 ./
	ghost_util
/
	glzma
/
	gStdAfx
.
	gh


100 ./
	ghost_util
/
	glzma
/
	gC
/
	gTypes
.
	gh


101 ./
	ghost_util
/
	glzma
/
	gC
/7
	gzCrc
.
	gh


102 ./
	ghost_util
/
	glzma
/
	gC
/
	gAlloc
.
	gh


103 ./
	ghost_util
/
	glzma
/
	gC
/
	gLzmaEnc
.
	gh


104 ./
	ghost_util
/
	glzma
/
	gC
/
	gLzFind
.
	gh


105 ./
	ghost_util
/
	glzma
/
	gC
/
	gLzHash
.
	gh


106 ./
	ghost_util
/
	glzma
/
	gC
/
	gLzmaDec
.
	gh


107 ./
	ghost_util
/
	glzma
/
	glzma_version
.
	gh


108 ./
	ghost_util
/
	glzma
/
	gInBuffer
.
	gh


109 ./
	ghost_util
/
	glzma
/
	gFileStreams
.
	gh


110 ./
	ghost_util
/
	glzma
/
	gCommon
/
	gTypes
.
	gh


111 ./
	ghost_util
/
	glzma
/
	gCommon
/
	gStringToInt
.
	gh


112 ./
	ghost_util
/
	glzma
/
	gCommon
/
	gMyString
.
	gh


113 ./
	ghost_util
/
	glzma
/
	gCommon
/
	gStdAfx
.
	gh


114 ./
	ghost_util
/
	glzma
/
	gCommon
/
	gDefs
.
	gh


115 ./
	ghost_util
/
	glzma
/
	gCommon
/
	gMyException
.
	gh


116 ./
	ghost_util
/
	glzma
/
	gCommon
/
	gMyInitGuid
.
	gh


117 ./
	ghost_util
/
	glzma
/
	gCommon
/
	gMyVector
.
	gh


118 ./
	ghost_util
/
	glzma
/
	gCommon
/
	gStringConvert
.
	gh


119 ./
	ghost_util
/
	glzma
/
	gCommon
/
	gMyUnknown
.
	gh


120 ./
	ghost_util
/
	glzma
/
	gCommon
/
	gC_FileIO
.
	gh


121 ./
	ghost_util
/
	glzma
/
	gCommon
/
	gMyGuidDef
.
	gh


122 ./
	ghost_util
/
	glzma
/
	gCommon
/
	gNewHandler
.
	gh


123 ./
	ghost_util
/
	glzma
/
	gCommon
/
	gMyCom
.
	gh


124 ./
	ghost_util
/
	glzma
/
	gCommon
/
	gMyWindows
.
	gh


125 ./
	ghost_util
/
	glzma
/
	gIStream
.
	gh


126 ./
	ghost_util
/
	glzma
/
	gLzmaEncoder
.
	gh


127 ./
	ghost_util
/
	glzma
/
	gStreamUtils
.
	gh


128 ./
	gu
-
	gboot
/
	ghttpd
/
	gfsdata
.
	gh


129 ./
	gu
-
	gboot
/
	ghttpd
/
	guip_arp
.
	gh


130 ./
	gu
-
	gboot
/
	ghttpd
/httpd.
	gh


131 ./
	gu
-
	gboot
/
	ghttpd
/
	guipopt
.
	gh


132 ./
	gu
-
	gboot
/
	ghttpd
/
	guip
.
	gh


133 ./
	gu
-
	gboot
/
	ghttpd
/
	guip_arch
.
	gh


134 ./
	gu
-
	gboot
/
	ghttpd
/
	gtapdev
.
	gh


135 ./
	gu
-
	gboot
/
	ghttpd
/
	gfs
.
	gh


136 ./
	gu
-
	gboot
/
	ginclude
/
	gtplink_image
.
	gh


137 ./
	gu
-
	gboot
/
	ginclude
/
	gimage
.
	gh


138 ./
	gu
-
	gboot
/
	ginclude
/
	gcommon
.
	gh


139 ./
	gu
-
	gboot
/
	ginclude
/
	gcommand
.
	gh


140 ./
	gu
-
	gboot
/
	ginclude
/
	gar7240_soc
.
	gh


141 ./
	gu
-
	gboot
/
	ginclude
/
	gcmd_qcaclk
.
	gh


142 ./
	gu
-
	gboot
/
	ginclude
/
	genv_scripts
.
	gh


143 ./
	gu
-
	gboot
/
	ginclude
/
	ghush
.
	gh


144 ./
	gu
-
	gboot
/
	ginclude
/
	grtc
.
	gh


145 ./
	gu
-
	gboot
/
	ginclude
/953x.
	gh


146 ./
	gu
-
	gboot
/
	ginclude
/
	gconfig
.
	gh


147 ./
	gu
-
	gboot
/
	ginclude
/
	gpci
.
	gh


148 ./
	gu
-
	gboot
/
	ginclude
/
	gdevices
.
	gh


149 ./
	gu
-
	gboot
/
	ginclude
/
	gcmd_qcagpio
.
	gh


150 ./
	gu
-
	gboot
/
	ginclude
/
	gconfigs
/
	gap143
.
	gh


151 ./
	gu
-
	gboot
/
	ginclude
/
	gconfigs
/
	gdb12x
.
	gh


152 ./
	gu
-
	gboot
/
	ginclude
/
	gconfigs
/
	gap121
.
	gh


153 ./
	gu
-
	gboot
/
	ginclude
/
	gconfigs
/
	gqca9k_common
.
	gh


154 ./
	gu
-
	gboot
/
	ginclude
/
	gmalloc
.
	gh


155 ./
	gu
-
	gboot
/
	ginclude
/
	gnet
.
	gh


156 ./
	gu
-
	gboot
/
	ginclude
/
	gtinf
.
	gh


157 ./
	gu
-
	gboot
/
	ginclude
/
	gxyzModem
.
	gh


158 ./
	gu
-
	gboot
/
	ginclude
/
	gasm
-
	gmips
/
	gaddrspace
.
	gh


159 ./
	gu
-
	gboot
/
	ginclude
/
	gasm
-
	gmips
/
	gstring
.
	gh


160 ./
	gu
-
	gboot
/
	ginclude
/
	gasm
-
	gmips
/
	gtypes
.
	gh


161 ./
	gu
-
	gboot
/
	ginclude
/
	gasm
-
	gmips
/
	gglobal_data
.
	gh


162 ./
	gu
-
	gboot
/
	ginclude
/
	gasm
-
	gmips
/
	greg
.
	gh


163 ./
	gu
-
	gboot
/
	ginclude
/
	gasm
-
	gmips
/
	gprocessor
.
	gh


164 ./
	gu
-
	gboot
/
	ginclude
/
	gasm
-
	gmips
/u-boot.
	gh


165 ./
	gu
-
	gboot
/
	ginclude
/
	gasm
-
	gmips
/
	gptrace
.
	gh


166 ./
	gu
-
	gboot
/
	ginclude
/
	gasm
-
	gmips
/
	gisadep
.
	gh


167 ./
	gu
-
	gboot
/
	ginclude
/
	gasm
-
	gmips
/
	gsystem
.
	gh


168 ./
	gu
-
	gboot
/
	ginclude
/
	gasm
-
	gmips
/
	gsgidefs
.
	gh


169 ./
	gu
-
	gboot
/
	ginclude
/
	gasm
-
	gmips
/
	gcacheops
.
	gh


170 ./
	gu
-
	gboot
/
	ginclude
/
	gasm
-
	gmips
/
	gbitops
.
	gh


171 ./
	gu
-
	gboot
/
	ginclude
/
	gasm
-
	gmips
/
	gmipsregs
.
	gh


172 ./
	gu
-
	gboot
/
	ginclude
/
	gasm
-
	gmips
/
	gposix_types
.
	gh


173 ./
	gu
-
	gboot
/
	ginclude
/
	gasm
-
	gmips
/
	gio
.
	gh


174 ./
	gu
-
	gboot
/
	ginclude
/
	gasm
-
	gmips
/
	gregdef
.
	gh


175 ./
	gu
-
	gboot
/
	ginclude
/
	gasm
-
	gmips
/
	gcachectl
.
	gh


176 ./
	gu
-
	gboot
/
	ginclude
/
	gasm
-
	gmips
/
	gbyteorder
.
	gh


177 ./
	gu
-
	gboot
/
	ginclude
/
	gflash
.
	gh


178 ./
	gu
-
	gboot
/
	ginclude
/
	gversion_autogenerated
.
	gh


179 ./
	gu
-
	gboot
/
	ginclude
/
	gs_record
.
	gh


180 ./
	gu
-
	gboot
/
	ginclude
/
	glists
.
	gh


181 ./
	gu
-
	gboot
/
	ginclude
/
	gsoc
/
	gqca_soc_common
.
	gh


182 ./
	gu
-
	gboot
/
	ginclude
/
	gsoc
/
	gqca_pll_list
.
	gh


183 ./
	gu
-
	gboot
/
	ginclude
/
	gsoc
/
	gsoc_list
.
	gh


184 ./
	gu
-
	gboot
/
	ginclude
/
	gsoc
/
	gqca_dram
.
	gh


185 ./
	gu
-
	gboot
/
	ginclude
/
	gsoc
/
	gqca95xx_pll_init
.
	gh


186 ./
	gu
-
	gboot
/
	ginclude
/
	gsoc
/
	gmtk_soc_common
.
	gh


187 ./
	gu
-
	gboot
/
	ginclude
/
	gsoc
/
	gar933x_pll_init
.
	gh


188 ./
	gu
-
	gboot
/
	ginclude
/
	gsoc
/
	gsoc_common
.
	gh


189 ./
	gu
-
	gboot
/
	ginclude
/
	gLzmaWrapper
.
	gh


190 ./
	gu
-
	gboot
/
	ginclude
/
	gioports
.
	gh


191 ./
	gu
-
	gboot
/
	ginclude
/
	genvironment
.
	gh


192 ./
	gu
-
	gboot
/
	ginclude
/
	glinux
/
	gstring
.
	gh


193 ./
	gu
-
	gboot
/
	ginclude
/
	glinux
/
	glist
.
	gh


194 ./
	gu
-
	gboot
/
	ginclude
/
	glinux
/
	gtypes
.
	gh


195 ./
	gu
-
	gboot
/
	ginclude
/
	glinux
/
	gconfig
.
	gh


196 ./
	gu
-
	gboot
/
	ginclude
/
	glinux
/
	gbyteorder
/
	gswab
.
	gh


197 ./
	gu
-
	gboot
/
	ginclude
/
	glinux
/
	gbyteorder
/
	ggeneric
.
	gh


198 ./
	gu
-
	gboot
/
	ginclude
/
	glinux
/
	gbyteorder
/
	glittle_endian
.
	gh


199 ./
	gu
-
	gboot
/
	ginclude
/
	glinux
/
	gbyteorder
/
	gbig_endian
.
	gh


200 ./
	gu
-
	gboot
/
	ginclude
/
	glinux
/
	gmtd
/mtd-
	gabi
.
	gh


201 ./
	gu
-
	gboot
/
	ginclude
/
	glinux
/
	gmtd
/mtd.
	gh


202 ./
	gu
-
	gboot
/
	ginclude
/
	glinux
/
	gctype
.
	gh


203 ./
	gu
-
	gboot
/
	ginclude
/
	glinux
/
	gbitops
.
	gh


204 ./
	gu
-
	gboot
/
	ginclude
/
	glinux
/
	gposix_types
.
	gh


205 ./
	gu
-
	gboot
/
	ginclude
/
	glinux
/
	gstddef
.
	gh


206 ./
	gu
-
	gboot
/
	ginclude
/
	glinux
/
	gstat
.
	gh


207 ./
	gu
-
	gboot
/
	ginclude
/
	glinux
/
	gtime
.
	gh


208 ./
	gu
-
	gboot
/
	ginclude
/
	gserial
.
	gh


209 ./
	gu
-
	gboot
/
	ginclude
/
	gcrc
.
	gh


210 ./
	gu
-
	gboot
/
	ginclude
/
	gar934x_soc
.
	gh


211 ./
	gu
-
	gboot
/
	ginclude
/
	gmiiphy
.
	gh


212 ./
	gu
-
	gboot
/
	ginclude
/
	glcd
.
	gh


213 ./
	gu
-
	gboot
/
	ginclude
/
	gatheros
.
	gh


214 ./
	gu
-
	gboot
/
	ginclude
/
	gjffs2
/jffs2.
	gh


215 ./
	gu
-
	gboot
/
	ginclude
/
	gjffs2
/
	gload_kernel
.
	gh


216 ./
	gu
-
	gboot
/
	ginclude
/
	gexports
.
	gh


217 ./
	gu
-
	gboot
/
	ginclude
/
	gconsole
.
	gh


218 ./
	gu
-
	gboot
/
	ginclude
/
	gpci_ids
.
	gh


219 ./
	gu
-
	gboot
/
	ginclude
/
	gversion
.
	gh


220 ./
	gu
-
	gboot
/
	glib_generic
/
	gLzmaTypes
.
	gh


221 ./
	gu
-
	gboot
/
	glib_generic
/
	gLzmaDecode
.
	gh


222 ./
	gu
-
	gboot
/
	gnet
/
	gnfs
.
	gh


223 ./
	gu
-
	gboot
/
	gnet
/
	gtftp
.
	gh


224 ./
	gu
-
	gboot
/
	gnet
/
	grarp
.
	gh


225 ./
	gu
-
	gboot
/
	gnet
/
	gsntp
.
	gh


226 ./
	gu
-
	gboot
/
	gnet
/
	ghttpd
.
	gh


227 ./
	gu
-
	gboot
/
	gnet
/
	gbootp
.
	gh


228 ./
	gu
-
	gboot
/
	glib_bootstrap
/
	gLzmaTypes
.
	gh


229 ./
	gu
-
	gboot
/
	glib_bootstrap
/
	gLzmaDecode
.
	gh


230 ./
	gu
-
	gboot
/
	gcpu
/
	gmips
/
	gar7240
/
	gag7240_phy
.
	gh


231 ./
	gu
-
	gboot
/
	gcpu
/
	gmips
/
	gar7240
/
	gag934x
.
	gh


232 ./
	gu
-
	gboot
/
	gcpu
/
	gmips
/
	gar7240
/
	gag934x_phy
.
	gh


233 ./
	gu
-
	gboot
/
	gcpu
/
	gmips
/
	gar7240
/
	gag7240
.
	gh


234 ./
	gu
-
	gboot
/
	gboard
/
	gar7240
/
	gcommon
/
	gar7240_s26_phy
.
	gh


235 ./
	gu
-
	gboot
/
	gboard
/
	gar7240
/
	gcommon
/
	gathrs27_phy
.
	gh


236 ./
	gu
-
	gboot
/
	gboard
/
	gar7240
/
	gcommon
/
	gathr_s27_phy
.
	gh


237 ./
	gu
-
	gboot
/
	gboard
/
	gar7240
/
	gcommon
/
	gqca
-
	geth
-953x.
	gh


238 ./
	gu
-
	gboot
/
	gboard
/
	gar7240
/
	gcommon
/
	gqca
-
	geth
-953x
	g_phy
.
	gh


239 ./
	gu
-
	gboot
/
	gboard
/
	gar7240
/
	gcommon
/
	gathrs17_phy
.
	gh


240 ./
	gu
-
	gboot
/
	gboard
/
	gar7240
/
	gcommon
/
	gphy
.
	gh


241 ./
	gu
-
	gboot
/
	gboard
/
	gar7240
/
	gdb12x
/u-boot.
	glds


242 ./
	gu
-
	gboot
/
	gboard
/
	gar7240
/
	gdb12x
/u-boot-
	gbootstrap
.
	glds


243 ./
	gu
-
	gboot
/
	gboard
/
	gar7240
/
	gap143
/u-boot.
	glds


244 ./
	gu
-
	gboot
/
	gboard
/
	gar7240
/
	gap143
/u-boot-
	gbootstrap
.
	glds


245 ./
	gu
-
	gboot
/
	gboard
/
	gar7240
/
	gap121
/u-boot.
	glds


246 ./
	gu
-
	gboot
/
	gboard
/
	gar7240
/
	gap121
/u-boot-
	gbootstrap
.
	glds


247 ./
	gu
-
	gboot
/
	gconfig
.
	gmk


248 ./
	gu
-
	gboot
/
	gmips_config
.
	gmk


249 ./
	gu
-
	gboot
/
	ginclude
/
	gconfig
.
	gmk


250 ./
	gu
-
	gboot
/
	gcpu
/
	gmips
/
	gconfig
.
	gmk


251 ./
	gu
-
	gboot
/
	gboard
/
	gar7240
/
	gdb12x
/
	gconfig
.
	gmk


252 ./
	gu
-
	gboot
/
	gboard
/
	gar7240
/
	gap143
/
	gconfig
.
	gmk


253 ./
	gu
-
	gboot
/
	gboard
/
	gar7240
/
	gap121
/
	gconfig
.
	gmk


254 ./
	ghost_util
/
	glzma
/
	gmakefile
.
	ggcc


255 ./
	gu
-
	gboot
/
	gcpu
/
	gmips
/
	gstart_bootstrap
.
	gS


256 ./
	gu
-
	gboot
/
	gcpu
/
	gmips
/
	gstart
.
	gS


257 ./
	gu
-
	gboot
/
	gcpu
/
	gmips
/
	gar7240
/
	gar933x_pll_init
.
	gS


258 ./
	gu
-
	gboot
/
	gcpu
/
	gmips
/
	gar7240
/
	gqca_gpio_init
.
	gS


259 ./
	gu
-
	gboot
/
	gcpu
/
	gmips
/
	gar7240
/
	gqca95xx_pll_init
.
	gS


260 ./
	gu
-
	gboot
/
	gcpu
/
	gmips
/
	gcache
.
	gS


	@
1
.
1
/usr/include
1
16
pepe2kmod.files
