cscope 15 $HOME/CANTIERE/u-boot-dg/1_u-boot_841v14 -c               0000016498
	@841v11.files

1 ./
	grtc
/
	gdate
.
	gc


2 ./
	glib_mips
/
	gashldi3
.
	gc


3 ./
	glib_mips
/
	gboard
.
	gc


4 ./
	glib_mips
/
	gddr_init
.
	gc


5 ./
	glib_mips
/
	gashrdi3
.
	gc


6 ./
	glib_mips
/
	gmips_linux
.
	gc


7 ./
	glib_mips
/
	glshrdi3
.
	gc


8 ./
	glib_mips
/
	gtime
.
	gc


9 ./
	gdisk
/
	gpart
.
	gc


10 ./
	gdisk
/
	gpart_iso
.
	gc


11 ./
	gdisk
/
	gpart_mac
.
	gc


12 ./
	gdisk
/
	gpart_amiga
.
	gc


13 ./
	gdisk
/
	gpart_dos
.
	gc


14 ./
	ghttpd
/
	guip
.
	gc


15 ./
	ghttpd
/httpd.
	gc


16 ./
	ghttpd
/
	gfs
.
	gc


17 ./
	ghttpd
/
	guip_arp
.
	gc


18 ./
	ghttpd
/
	guip_arch
.
	gc


19 ./
	ghttpd
/
	gtapdev
.
	gc


20 ./
	ghttpd
/
	gmain
.
	gc


21 ./
	gscripts
/
	gtkparse
.
	gc


22 ./
	gscripts
/
	glxdialog
/
	gmsgbox
.
	gc


23 ./
	gscripts
/
	glxdialog
/
	gyesno
.
	gc


24 ./
	gscripts
/
	glxdialog
/
	ginputbox
.
	gc


25 ./
	gscripts
/
	glxdialog
/
	gutil
.
	gc


26 ./
	gscripts
/
	glxdialog
/
	gtextbox
.
	gc


27 ./
	gscripts
/
	glxdialog
/
	gchecklist
.
	gc


28 ./
	gscripts
/
	glxdialog
/
	gmenubox
.
	gc


29 ./
	gscripts
/
	glxdialog
/lxdialog.
	gc


30 ./
	gscripts
/
	gtkgen
.
	gc


31 ./
	gscripts
/
	gtkcond
.
	gc


32 ./
	gtools
/
	gcrc
.
	gc


33 ./
	gtools
/
	gmkimage
.
	gc


34 ./
	gtools
/
	gcrc32
.
	gc


35 ./
	gfs
/
	gfat
/
	gfile
.
	gc


36 ./
	gfs
/
	gfat
/fat.
	gc


37 ./
	glib_generic
/
	gdecompress_unxz
.
	gc


38 ./
	glib_generic
/
	gbzlib_decompress
.
	gc


39 ./
	glib_generic
/
	gbzlib_huffman
.
	gc


40 ./
	glib_generic
/
	gzlib
.
	gc


41 ./
	glib_generic
/
	gstring
.
	gc


42 ./
	glib_generic
/
	gxz_dec_lzma2
.
	gc


43 ./
	glib_generic
/
	gLzmaDecode
.
	gc


44 ./
	glib_generic
/
	gxz_dec_stream
.
	gc


45 ./
	glib_generic
/
	gxz_dec_bcj
.
	gc


46 ./
	glib_generic
/
	gbzlib_randtable
.
	gc


47 ./
	glib_generic
/
	gvsprintf
.
	gc


48 ./
	glib_generic
/
	gcrc32
.
	gc


49 ./
	glib_generic
/
	gdisplay_options
.
	gc


50 ./
	glib_generic
/
	gbzlib_crctable
.
	gc


51 ./
	glib_generic
/
	gbzlib
.
	gc


52 ./
	glib_generic
/
	gctype
.
	gc


53 ./
	gdrivers
/
	gmii_mgr
.
	gc


54 ./
	gdrivers
/
	grt2880_eth
.
	gc


55 ./
	gdrivers
/
	gi2c_drv
.
	gc


56 ./
	gdrivers
/
	gnand_flash
.
	gc


57 ./
	gdrivers
/
	gusb
/
	ghost
/
	gxhci
-
	gmtk
.
	gc


58 ./
	gdrivers
/
	gusb
/
	ghost
/
	gxhci
-
	gring
.
	gc


59 ./
	gdrivers
/
	gusb
/
	ghost
/
	gxhci
-
	gmtk
-
	gpower
.
	gc


60 ./
	gdrivers
/
	gusb
/
	ghost
/
	gmtk
-
	gphy
-
	gahb
.
	gc


61 ./
	gdrivers
/
	gusb
/
	ghost
/
	gxhci
-
	gmtk
-
	gscheduler
.
	gc


62 ./
	gdrivers
/
	gusb
/
	ghost
/
	gxhci
.
	gc


63 ./
	gdrivers
/
	gusb
/
	ghost
/
	gmtk
-
	gphy
.
	gc


64 ./
	gdrivers
/
	gusb
/
	ghost
/
	gxhci
-
	gmem
.
	gc


65 ./
	gdrivers
/
	gusb
/
	ghost
/
	gmtk
-
	gphy
-7621.c

66 ./
	gdrivers
/
	gqca8337_api
.
	gc


67 ./
	gdrivers
/
	gehci
-
	gra
.
	gc


68 ./
	gdrivers
/
	gspi_flash
.
	gc


69 ./
	gdrivers
/
	gphy_val
.
	gc


70 ./
	gdrivers
/
	gmsdc
/msdc.
	gc


71 ./
	gdrivers
/
	gmsdc
/
	gmmc_core
.
	gc


72 ./
	gdrivers
/
	gmsdc
/
	gmmc_test
.
	gc


73 ./
	gdrivers
/
	gmsdc
/
	gmsdc_cust
.
	gc


74 ./
	gdrivers
/
	gmsdc
/
	gts_msdc
.
	gc


75 ./
	gdrivers
/
	gnand
/
	gnand_base
.
	gc


76 ./
	gdrivers
/
	gnand
/
	gnand_ids
.
	gc


77 ./
	gdrivers
/
	gnand
/
	gmtk_nand
.
	gc


78 ./
	gdrivers
/
	gnand
/
	gbmt
.
	gc


79 ./
	gdrivers
/
	gMT7620_bmt
.
	gc


80 ./
	gdrivers
/
	gehci
-
	ghcd
.
	gc


81 ./
	gdrivers
/
	gspi_rt6855A_flash
.
	gc


82 ./
	gdrivers
/
	gohci
-
	ghcd
.
	gc


83 ./
	gdrivers
/
	gspi_drv
.
	gc


84 ./
	gnet
/
	ghttpd
.
	gc


85 ./
	gnet
/
	grarp
.
	gc


86 ./
	gnet
/
	gbootp
.
	gc


87 ./
	gnet
/net.
	gc


88 ./
	gnet
/
	geth
.
	gc


89 ./
	gnet
/
	gtftp
.
	gc


90 ./
	gcommon
/
	gusb_hub
.
	gc


91 ./
	gcommon
/
	gexports
.
	gc


92 ./
	gcommon
/
	genv_flash
.
	gc


93 ./
	gcommon
/
	gcmd_nvedit
.
	gc


94 ./
	gcommon
/
	genvironment
.
	gc


95 ./
	gcommon
/
	gcmd_qca_reg_op
.
	gc


96 ./
	gcommon
/
	genv_common
.
	gc


97 ./
	gcommon
/
	gflash
.
	gc


98 ./
	gcommon
/
	gcmd_boot
.
	gc


99 ./
	gcommon
/
	genv_nand
.
	gc


100 ./
	gcommon
/
	gusb
.
	gc


101 ./
	gcommon
/
	genv_spi
.
	gc


102 ./
	gcommon
/
	gcmd_misc
.
	gc


103 ./
	gcommon
/
	gconsole
.
	gc


104 ./
	gcommon
/
	gcmd_mem
.
	gc


105 ./
	gcommon
/
	gdlmalloc
.
	gc


106 ./
	gcommon
/
	gcommand
.
	gc


107 ./
	gcommon
/
	gdevices
.
	gc


108 ./
	gcommon
/
	gcmd_bdinfo
.
	gc


109 ./
	gcommon
/
	glists
.
	gc


110 ./
	gcommon
/
	gcmd_fat
.
	gc


111 ./
	gcommon
/
	gcmd_console
.
	gc


112 ./
	gcommon
/
	gcmd_bootm
.
	gc


113 ./
	gcommon
/
	gcmd_net
.
	gc


114 ./
	gcommon
/
	gusb_storage
.
	gc


115 ./
	gcommon
/
	gcmd_usb
.
	gc


116 ./
	gcommon
/
	gcmd_load
.
	gc


117 ./
	gcommon
/
	gcmd_flash
.
	gc


118 ./
	gcommon
/
	gmain
.
	gc


119 ./
	gcpu
/
	gralink_soc
/
	ginterrupts
.
	gc


120 ./
	gcpu
/
	gralink_soc
/cpu.
	gc


121 ./
	gboard
/
	grt2880
/
	gserial
.
	gc


122 ./
	gboard
/
	grt2880
/
	gflash
.
	gc


123 ./
	gboard
/
	grt2880
/rt2880.
	gc


124 ./
	gstage1
/
	gboot
.
	gc


125 ./
	gstage1
/
	gnandc
.
	gc


126 ./
	gstage1
/
	ggdma
.
	gc


127 ./
	glib_mips
/
	gddr3
.
	gh


128 ./
	glib_mips
/
	gmpll40Mhz
.
	gh


129 ./
	glib_mips
/
	gddr2
.
	gh


130 ./
	glib_mips
/
	glibgcc
.
	gh


131 ./
	glib_mips
/
	gmpll
.
	gh


132 ./
	gdisk
/
	gpart_iso
.
	gh


133 ./
	gdisk
/
	gpart_amiga
.
	gh


134 ./
	gdisk
/
	gpart_dos
.
	gh


135 ./
	gdisk
/
	gpart_mac
.
	gh


136 ./
	ghttpd
/
	gfsdata
.
	gh


137 ./
	ghttpd
/
	guip_arp
.
	gh


138 ./
	ghttpd
/httpd.
	gh


139 ./
	ghttpd
/
	guipopt
.
	gh


140 ./
	ghttpd
/
	guip
.
	gh


141 ./
	ghttpd
/
	guip_arch
.
	gh


142 ./
	ghttpd
/
	gtapdev
.
	gh


143 ./
	ghttpd
/
	gfs
.
	gh


144 ./
	ginclude
/
	grt_mmap
.
	gh


145 ./
	ginclude
/
	gimage
.
	gh


146 ./
	ginclude
/
	gcommon
.
	gh


147 ./
	ginclude
/
	gcommand
.
	gh


148 ./
	ginclude
/
	gzlib
.
	gh


149 ./
	ginclude
/
	gxz
.
	gh


150 ./
	ginclude
/
	galtera
.
	gh


151 ./
	ginclude
/
	gusb
.
	gh


152 ./
	ginclude
/
	gfat
.
	gh


153 ./
	ginclude
/
	ghush
.
	gh


154 ./
	ginclude
/
	grtc
.
	gh


155 ./
	ginclude
/
	gasm
/
	gaddrspace
.
	gh


156 ./
	ginclude
/
	gasm
/
	gstring
.
	gh


157 ./
	ginclude
/
	gasm
/
	gtypes
.
	gh


158 ./
	ginclude
/
	gasm
/
	gglobal_data
.
	gh


159 ./
	ginclude
/
	gasm
/
	gerrno
.
	gh


160 ./
	ginclude
/
	gasm
/
	greg
.
	gh


161 ./
	ginclude
/
	gasm
/
	gprocessor
.
	gh


162 ./
	ginclude
/
	gasm
/
	gu
-
	gboot
.
	gh


163 ./
	ginclude
/
	gasm
/
	gptrace
.
	gh


164 ./
	ginclude
/
	gasm
/
	gcache
.
	gh


165 ./
	ginclude
/
	gasm
/
	gunaligned
.
	gh


166 ./
	ginclude
/
	gasm
/
	gisadep
.
	gh


167 ./
	ginclude
/
	gasm
/
	gsystem
.
	gh


168 ./
	ginclude
/
	gasm
/
	gau1x00
.
	gh


169 ./
	ginclude
/
	gasm
/
	gsgidefs
.
	gh


170 ./
	ginclude
/
	gasm
/
	gcacheops
.
	gh


171 ./
	ginclude
/
	gasm
/
	gbitops
.
	gh


172 ./
	ginclude
/
	gasm
/
	gmipsregs
.
	gh


173 ./
	ginclude
/
	gasm
/
	gposix_types
.
	gh


174 ./
	ginclude
/
	gasm
/
	gio
.
	gh


175 ./
	ginclude
/
	gasm
/
	gregdef
.
	gh


176 ./
	ginclude
/
	gasm
/
	ginca
-
	gip
.
	gh


177 ./
	ginclude
/
	gasm
/
	gerrno
-
	gbase
.
	gh


178 ./
	ginclude
/
	gasm
/
	gcachectl
.
	gh


179 ./
	ginclude
/
	gasm
/
	gbyteorder
.
	gh


180 ./
	ginclude
/
	gconfig
.
	gh


181 ./
	ginclude
/
	gcircbuf
.
	gh


182 ./
	ginclude
/
	gcompiler
.
	gh


183 ./
	ginclude
/
	glaunch
.
	gh


184 ./
	ginclude
/
	gdevices
.
	gh


185 ./
	ginclude
/
	gpost
.
	gh


186 ./
	ginclude
/
	g_exports
.
	gh


187 ./
	ginclude
/
	gconfigs
/
	grt2880
.
	gh


188 ./
	ginclude
/
	gsystemace
.
	gh


189 ./
	ginclude
/
	gbedbug
/bedbug.
	gh


190 ./
	ginclude
/
	gbedbug
/
	gregs
.
	gh


191 ./
	ginclude
/
	gbedbug
/
	gppc
.
	gh


192 ./
	ginclude
/
	gbedbug
/
	gtables
.
	gh


193 ./
	ginclude
/
	gbedbug
/
	gtype
.
	gh


194 ./
	ginclude
/
	gunxz
.
	gh


195 ./
	ginclude
/
	gscsi
.
	gh


196 ./
	ginclude
/
	gmalloc
.
	gh


197 ./
	ginclude
/
	gnet
.
	gh


198 ./
	ginclude
/
	glogbuff
.
	gh


199 ./
	ginclude
/
	gmtd
/mtd-
	gabi
.
	gh


200 ./
	ginclude
/
	gata
.
	gh


201 ./
	ginclude
/
	gxilinx
.
	gh


202 ./
	ginclude
/
	gbmp_logo
.
	gh


203 ./
	ginclude
/
	gkgdb
.
	gh


204 ./
	ginclude
/
	gasm
-
	gmips
/
	gaddrspace
.
	gh


205 ./
	ginclude
/
	gasm
-
	gmips
/
	gstring
.
	gh


206 ./
	ginclude
/
	gasm
-
	gmips
/
	gtypes
.
	gh


207 ./
	ginclude
/
	gasm
-
	gmips
/
	gglobal_data
.
	gh


208 ./
	ginclude
/
	gasm
-
	gmips
/
	greg
.
	gh


209 ./
	ginclude
/
	gasm
-
	gmips
/
	gprocessor
.
	gh


210 ./
	ginclude
/
	gasm
-
	gmips
/
	gu
-
	gboot
.
	gh


211 ./
	ginclude
/
	gasm
-
	gmips
/
	gptrace
.
	gh


212 ./
	ginclude
/
	gasm
-
	gmips
/
	gisadep
.
	gh


213 ./
	ginclude
/
	gasm
-
	gmips
/
	gsystem
.
	gh


214 ./
	ginclude
/
	gasm
-
	gmips
/
	gau1x00
.
	gh


215 ./
	ginclude
/
	gasm
-
	gmips
/
	gsgidefs
.
	gh


216 ./
	ginclude
/
	gasm
-
	gmips
/
	gcacheops
.
	gh


217 ./
	ginclude
/
	gasm
-
	gmips
/
	gbitops
.
	gh


218 ./
	ginclude
/
	gasm
-
	gmips
/
	gmipsregs
.
	gh


219 ./
	ginclude
/
	gasm
-
	gmips
/
	gposix_types
.
	gh


220 ./
	ginclude
/
	gasm
-
	gmips
/
	gio
.
	gh


221 ./
	ginclude
/
	gasm
-
	gmips
/
	gregdef
.
	gh


222 ./
	ginclude
/
	gasm
-
	gmips
/
	ginca
-
	gip
.
	gh


223 ./
	ginclude
/
	gasm
-
	gmips
/
	gcachectl
.
	gh


224 ./
	ginclude
/
	gasm
-
	gmips
/
	gbyteorder
.
	gh


225 ./
	ginclude
/
	gmk48t59
.
	gh


226 ./
	ginclude
/
	gflash
.
	gh


227 ./
	ginclude
/
	gs_record
.
	gh


228 ./
	ginclude
/
	gide
.
	gh


229 ./
	ginclude
/
	glzma
/
	gLzmaTools
.
	gh


230 ./
	ginclude
/
	glzma
/
	gLzmaTypes
.
	gh


231 ./
	ginclude
/
	glzma
/
	gLzmaDec
.
	gh


232 ./
	ginclude
/
	gfat_old
.
	gh


233 ./
	ginclude
/
	gcmd_confdefs
.
	gh


234 ./
	ginclude
/
	gusb_defs
.
	gh


235 ./
	ginclude
/
	glists
.
	gh


236 ./
	ginclude
/
	gfpga
.
	gh


237 ./
	ginclude
/
	gsysdefs
.
	gh


238 ./
	ginclude
/
	genvironment
.
	gh


239 ./
	ginclude
/
	glinux
/
	gstring
.
	gh


240 ./
	ginclude
/
	glinux
/
	gtypes
.
	gh


241 ./
	ginclude
/
	glinux
/
	gerrno
.
	gh


242 ./
	ginclude
/
	glinux
/
	gconfig
.
	gh


243 ./
	ginclude
/
	glinux
/
	gcompiler
.
	gh


244 ./
	ginclude
/
	glinux
/
	gbyteorder
/
	gswab
.
	gh


245 ./
	ginclude
/
	glinux
/
	gbyteorder
/
	ggeneric
.
	gh


246 ./
	ginclude
/
	glinux
/
	gbyteorder
/
	glittle_endian
.
	gh


247 ./
	ginclude
/
	glinux
/
	gbyteorder
/
	gbig_endian
.
	gh


248 ./
	ginclude
/
	glinux
/
	gmtd
/
	gdoc2000
.
	gh


249 ./
	ginclude
/
	glinux
/
	gmtd
/
	gnand
.
	gh


250 ./
	ginclude
/
	glinux
/
	gmtd
/
	gnand_ecc
.
	gh


251 ./
	ginclude
/
	glinux
/
	gmtd
/
	gbbm
.
	gh


252 ./
	ginclude
/
	glinux
/
	gmtd
/
	gnand_ids
.
	gh


253 ./
	ginclude
/
	glinux
/
	gmtd
/
	gnftl
.
	gh


254 ./
	ginclude
/
	glinux
/
	gmtd
/mtd.
	gh


255 ./
	ginclude
/
	glinux
/
	gusb
/
	gcomposite
.
	gh


256 ./
	ginclude
/
	glinux
/
	gusb
/
	gatmel_usba_udc
.
	gh


257 ./
	ginclude
/
	glinux
/
	gusb
/
	gch9
.
	gh


258 ./
	ginclude
/
	glinux
/
	gusb
/
	gdwc3
.
	gh


259 ./
	ginclude
/
	glinux
/
	gusb
/
	gcdc
.
	gh


260 ./
	ginclude
/
	glinux
/
	gusb
/
	ggadget
.
	gh


261 ./
	ginclude
/
	glinux
/
	gusb
/
	gxhci
-
	gomap
.
	gh


262 ./
	ginclude
/
	glinux
/
	gusb
/
	gmusb
.
	gh


263 ./
	ginclude
/
	glinux
/
	gunaligned
/
	gle_byteshift
.
	gh


264 ./
	ginclude
/
	glinux
/
	gunaligned
/
	gaccess_ok
.
	gh


265 ./
	ginclude
/
	glinux
/
	gunaligned
/
	ggeneric
.
	gh


266 ./
	ginclude
/
	glinux
/
	gunaligned
/
	gbe_byteshift
.
	gh


267 ./
	ginclude
/
	glinux
/
	gerr
.
	gh


268 ./
	ginclude
/
	glinux
/
	gcompiler
-
	ggcc
.
	gh


269 ./
	ginclude
/
	glinux
/
	gctype
.
	gh


270 ./
	ginclude
/
	glinux
/
	gbitops
.
	gh


271 ./
	ginclude
/
	glinux
/
	gmc146818rtc
.
	gh


272 ./
	ginclude
/
	glinux
/
	gposix_types
.
	gh


273 ./
	ginclude
/
	glinux
/
	gcompiler
-
	ggcc3
.
	gh


274 ./
	ginclude
/
	glinux
/
	gstddef
.
	gh


275 ./
	ginclude
/
	glinux
/
	gstat
.
	gh


276 ./
	ginclude
/
	glinux
/
	gcompiler
-
	ggcc4
.
	gh


277 ./
	ginclude
/
	glinux
/
	gtime
.
	gh


278 ./
	ginclude
/
	gserial
.
	gh


279 ./
	ginclude
/
	gbmp_layout
.
	gh


280 ./
	ginclude
/
	gLzmaDecode
.
	gh


281 ./
	ginclude
/
	gi2c
.
	gh


282 ./
	ginclude
/
	gnand_api
.
	gh


283 ./
	ginclude
/
	gwatchdog
.
	gh


284 ./
	ginclude
/
	gspi_api
.
	gh


285 ./
	ginclude
/
	gexports
.
	gh


286 ./
	ginclude
/
	gconsole
.
	gh


287 ./
	ginclude
/
	gArchDefs
.
	gh


288 ./
	ginclude
/
	gspi
.
	gh


289 ./
	ginclude
/
	gtpLinuxTag
.
	gh


290 ./
	ginclude
/
	gpart
.
	gh


291 ./
	ginclude
/
	gbzlib
.
	gh


292 ./
	ginclude
/
	gversion
.
	gh


293 ./
	gscripts
/
	glxdialog
/
	gcolors
.
	gh


294 ./
	gscripts
/
	glxdialog
/
	gdialog
.
	gh


295 ./
	gscripts
/
	gtkparse
.
	gh


296 ./
	gtools
/
	gimage
.
	gh


297 ./
	glib_generic
/
	gTypes
.
	gh


298 ./
	glib_generic
/
	gLzmaTools
.
	gh


299 ./
	glib_generic
/
	gxz_private
.
	gh


300 ./
	glib_generic
/
	gxz_lzma2
.
	gh


301 ./
	glib_generic
/
	gLzmaDec
.
	gh


302 ./
	glib_generic
/
	gxz_stream
.
	gh


303 ./
	glib_generic
/
	gbzlib_private
.
	gh


304 ./
	gdrivers
/
	gehci
-
	gcore
.
	gh


305 ./
	gdrivers
/
	gohci
.
	gh


306 ./
	gdrivers
/
	gralink_spi
.
	gh


307 ./
	gdrivers
/
	gphy_val
.
	gh


308 ./
	gdrivers
/
	gusb
/
	ghost
/
	gxhci
.
	gh


309 ./
	gdrivers
/
	gusb
/
	ghost
/
	gxhci
-
	gmtk
.
	gh


310 ./
	gdrivers
/
	gusb
/
	ghost
/
	gmtk
-
	gphy
-7621.
	gh


311 ./
	gdrivers
/
	gusb
/
	ghost
/
	gxhci
-
	gmtk
-
	gscheduler
.
	gh


312 ./
	gdrivers
/
	gusb
/
	ghost
/
	gxhci
-
	gmtk
-
	gpower
.
	gh


313 ./
	gdrivers
/
	gusb
/
	ghost
/
	gmtk
-
	gphy
.
	gh


314 ./
	gdrivers
/
	gralink_nand
.
	gh


315 ./
	gdrivers
/
	gMT7620_bmt
.
	gh


316 ./
	gdrivers
/
	gmsdc
/
	gsdio
.
	gh


317 ./
	gdrivers
/
	gmsdc
/msdc.
	gh


318 ./
	gdrivers
/
	gmsdc
/
	gmmc_core
.
	gh


319 ./
	gdrivers
/
	gmsdc
/
	gconfig
.
	gh


320 ./
	gdrivers
/
	gmsdc
/
	gmsg
.
	gh


321 ./
	gdrivers
/
	gmsdc
/
	gmmc_test
.
	gh


322 ./
	gdrivers
/
	gmsdc
/
	gmsdc_cust
.
	gh


323 ./
	gdrivers
/
	gmsdc
/
	gutils
.
	gh


324 ./
	gdrivers
/
	gnand
/
	gnand_def
.
	gh


325 ./
	gdrivers
/
	gnand
/
	gnand_device_list
.
	gh


326 ./
	gdrivers
/
	gnand
/
	gmtk_nand
.
	gh


327 ./
	gdrivers
/
	gnand
/
	gmt6575_typedefs
.
	gh


328 ./
	gdrivers
/
	gnand
/
	gbmt
.
	gh


329 ./
	gdrivers
/
	gbbu_spiflash
.
	gh


330 ./
	gdrivers
/
	gehci
.
	gh


331 ./
	gdrivers
/
	gqca8337_api
.
	gh


332 ./
	gdrivers
/
	gvtss
.
	gh


333 ./
	guboot_version
.
	gh


334 ./
	gnet
/
	gtftp
.
	gh


335 ./
	gnet
/
	grarp
.
	gh


336 ./
	gnet
/
	ghttpd
.
	gh


337 ./
	gnet
/
	gbootp
.
	gh


338 ./
	gautoconf
.
	gh


339 ./
	gboard
/
	grt2880
/
	ginclude
/
	gmem_tst
.
	gh


340 ./
	gboard
/
	grt2880
/
	ginclude
/
	gpalmpak_tst
.
	gh


341 ./
	gboard
/
	grt2880
/
	ginclude
/
	gide3710
.
	gh


342 ./
	gboard
/
	grt2880
/
	ginclude
/
	gcompiler
.
	gh


343 ./
	gboard
/
	grt2880
/
	ginclude
/
	gmac
.
	gh


344 ./
	gboard
/
	grt2880
/
	ginclude
/
	guart
.
	gh


345 ./
	gboard
/
	grt2880
/
	ginclude
/
	gmem_map_1fc0
.
	gh


346 ./
	gboard
/
	grt2880
/
	ginclude
/
	gCpuCp0RegDef
.
	gh


347 ./
	gboard
/
	grt2880
/
	ginclude
/
	gethernet
.
	gh


348 ./
	gboard
/
	grt2880
/
	ginclude
/
	gpubdefs
.
	gh


349 ./
	gboard
/
	grt2880
/
	ginclude
/
	gmem_map
.
	gh


350 ./
	gboard
/
	grt2880
/
	ginclude
/
	gproduct
.
	gh


351 ./
	gboard
/
	grt2880
/
	ginclude
/
	gaux_intc
.
	gh


352 ./
	gboard
/
	grt2880
/
	ginclude
/
	gsysc
.
	gh


353 ./
	gboard
/
	grt2880
/
	ginclude
/
	glcd
.
	gh


354 ./
	gboard
/
	grt2880
/
	ginclude
/
	gexcept
.
	gh


355 ./
	gboard
/
	grt2880
/
	ginclude
/
	gintc
.
	gh


356 ./
	gboard
/
	grt2880
/
	ginclude
/
	gchip_reg_map
.
	gh


357 ./
	gboard
/
	grt2880
/
	ginclude
/
	gcpu
.
	gh


358 ./
	gboard
/
	grt2880
/
	ginclude
/
	gpio
.
	gh


359 ./
	gboard
/
	grt2880
/
	ginclude
/
	gcpu_except
.
	gh


360 ./
	gboard
/
	grt2880
/
	ginclude
/
	gregdef
.
	gh


361 ./
	gboard
/
	grt2880
/
	ginclude
/
	gtimer
.
	gh


362 ./
	gboard
/
	grt2880
/
	ginclude
/
	gaux_reg_map
.
	gh


363 ./
	gboard
/
	grt2880
/
	gserial
.
	gh


364 ./
	gboard
/
	grt2880
/
	gu
-
	gboot
.
	glds


365 ./
	gstage1
/
	gstage1n2
.
	glds


366 ./
	gconfig
.
	gmk


367 ./
	gmips_config
.
	gmk


368 ./
	ginclude
/
	gconfig
.
	gmk


369 ./
	gcpu
/
	gralink_soc
/
	gconfig
.
	gmk


370 ./
	gboard
/
	grt2880
/
	gconfig
.
	gmk


371 ./
	gmt7621_ddr
.
	gsh


372 ./
	gcpu
/
	gralink_soc
/
	gstart_1004k
.
	gS


373 ./
	gcpu
/
	gralink_soc
/
	gstart
.
	gS


374 ./
	gcpu
/
	gralink_soc
/
	gcache
.
	gS


375 ./
	gboard
/
	grt2880
/
	gmemsetup
.
	gS


376 ./
	gboard
/
	grt2880
/
	grt2880_init
.
	gS


377 ./
	gstage1
/
	gstart
.
	gS


	@
1
.
1
/usr/include
1
13
841v11.files
