cscope 15 $HOME/CANTIERE/u-boot-dg/5_u-boot_841v7_ap99 -c               0000080973
	@841v7_ap99.files

1 ./
	grtc
/
	gmpc5xxx
.
	gc


2 ./
	grtc
/
	gds1306
.
	gc


3 ./
	grtc
/
	gpcf8563
.
	gc


4 ./
	grtc
/
	gds1337
.
	gc


5 ./
	grtc
/
	gds12887
.
	gc


6 ./
	grtc
/
	gs3c24x0_rtc
.
	gc


7 ./
	grtc
/
	gm41t11
.
	gc


8 ./
	grtc
/
	grs5c372
.
	gc


9 ./
	grtc
/
	gdate
.
	gc


10 ./
	grtc
/
	gm48t35ax
.
	gc


11 ./
	grtc
/
	gmpc8xx
.
	gc


12 ./
	grtc
/
	gds1556
.
	gc


13 ./
	grtc
/
	gbf533_rtc
.
	gc


14 ./
	grtc
/
	gds1302
.
	gc


15 ./
	grtc
/
	gmc146818
.
	gc


16 ./
	grtc
/
	gds174x
.
	gc


17 ./
	grtc
/
	gmax6900
.
	gc


18 ./
	grtc
/
	gds1307
.
	gc


19 ./
	grtc
/
	gmk48t59
.
	gc


20 ./
	grtc
/
	gds164x
.
	gc


21 ./
	grtc
/
	gds1374
.
	gc


22 ./
	glib_mips
/
	gboard
.
	gc


23 ./
	glib_mips
/
	gmips_linux
.
	gc


24 ./
	glib_mips
/
	gtime
.
	gc


25 ./
	glib_microblaze
/
	gboard
.
	gc


26 ./
	glib_microblaze
/
	gmicroblaze_linux
.
	gc


27 ./
	glib_microblaze
/
	gcache
.
	gc


28 ./
	glib_microblaze
/
	gtime
.
	gc


29 ./
	gdisk
/
	gpart
.
	gc


30 ./
	gdisk
/
	gpart_iso
.
	gc


31 ./
	gdisk
/
	gpart_mac
.
	gc


32 ./
	gdisk
/
	gpart_amiga
.
	gc


33 ./
	gdisk
/
	gpart_dos
.
	gc


34 ./
	glib_m68k
/
	gtraps
.
	gc


35 ./
	glib_m68k
/
	gboard
.
	gc


36 ./
	glib_m68k
/
	gm68k_linux
.
	gc


37 ./
	glib_m68k
/
	gcache
.
	gc


38 ./
	glib_m68k
/
	gtime
.
	gc


39 ./
	gtools
/
	genv
/
	gfw_env_main
.
	gc


40 ./
	gtools
/
	genv
/
	gfw_env
.
	gc


41 ./
	gtools
/
	gncb
.
	gc


42 ./
	gtools
/
	ggdb
/
	gserial
.
	gc


43 ./
	gtools
/
	ggdb
/
	ggdbsend
.
	gc


44 ./
	gtools
/
	ggdb
/
	ggdbcont
.
	gc


45 ./
	gtools
/
	ggdb
/
	gerror
.
	gc


46 ./
	gtools
/
	ggdb
/
	gremote
.
	gc


47 ./
	gtools
/
	gmkimage
.
	gc


48 ./
	gtools
/
	ginca
-
	gswap
-
	gbytes
.
	gc


49 ./
	gtools
/
	gmpc86x_clk
.
	gc


50 ./
	gtools
/
	gupdater
/
	gflash_hw
.
	gc


51 ./
	gtools
/
	gupdater
/
	gflash
.
	gc


52 ./
	gtools
/
	gupdater
/
	gstring
.
	gc


53 ./
	gtools
/
	gupdater
/
	gutils
.
	gc


54 ./
	gtools
/
	gupdater
/
	gcmd_flash
.
	gc


55 ./
	gtools
/
	gupdater
/
	gctype
.
	gc


56 ./
	gtools
/
	gupdater
/
	gupdate
.
	gc


57 ./
	gtools
/
	gupdater
/
	gdummy
.
	gc


58 ./
	gtools
/
	geasylogo
/easylogo.
	gc


59 ./
	gtools
/
	ggen_eth_addr
.
	gc


60 ./
	gtools
/
	gbmp_logo
.
	gc


61 ./
	gtools
/
	gimg2srec
.
	gc


62 ./
	gtools
/
	genvcrc
.
	gc


63 ./
	gfs
/
	greiserfs
/
	gmode_string
.
	gc


64 ./
	gfs
/
	greiserfs
/reiserfs.
	gc


65 ./
	gfs
/
	greiserfs
/
	gdev
.
	gc


66 ./
	gfs
/
	gcramfs
/cramfs.
	gc


67 ./
	gfs
/
	gcramfs
/
	guncompress
.
	gc


68 ./
	gfs
/
	gext2
/
	gext2fs
.
	gc


69 ./
	gfs
/
	gext2
/
	gdev
.
	gc


70 ./
	gfs
/
	gfdos
/fdos.
	gc


71 ./
	gfs
/
	gfdos
/
	gvfat
.
	gc


72 ./
	gfs
/
	gfdos
/fs.
	gc


73 ./
	gfs
/
	gfdos
/
	gfat
.
	gc


74 ./
	gfs
/
	gfdos
/
	gsubdir
.
	gc


75 ./
	gfs
/
	gfdos
/
	gdev
.
	gc


76 ./
	gfs
/
	gfat
/
	gfile
.
	gc


77 ./
	gfs
/
	gfat
/fat.
	gc


78 ./
	gfs
/
	gjffs2
/
	gcompr_lzo
.
	gc


79 ./
	gfs
/
	gjffs2
/
	gjffs2_nand_1pass
.
	gc


80 ./
	gfs
/
	gjffs2
/
	gcompr_rubin
.
	gc


81 ./
	gfs
/
	gjffs2
/
	gcompr_lzari
.
	gc


82 ./
	gfs
/
	gjffs2
/
	gjffs2_1pass
.
	gc


83 ./
	gfs
/
	gjffs2
/
	gmini_inflate
.
	gc


84 ./
	gfs
/
	gjffs2
/
	gcompr_rtime
.
	gc


85 ./
	gfs
/
	gjffs2
/
	gcompr_zlib
.
	gc


86 ./
	glib_generic
/
	gbzlib_decompress
.
	gc


87 ./
	glib_generic
/
	gbzlib_huffman
.
	gc


88 ./
	glib_generic
/
	gzlib
.
	gc


89 ./
	glib_generic
/
	gstring
.
	gc


90 ./
	glib_generic
/
	gldiv
.
	gc


91 ./
	glib_generic
/
	gLzmaDecode
.
	gc


92 ./
	glib_generic
/
	gbzlib_randtable
.
	gc


93 ./
	glib_generic
/
	gvsprintf
.
	gc


94 ./
	glib_generic
/
	gLzmaWrapper
.
	gc


95 ./
	glib_generic
/
	gcrc32
.
	gc


96 ./
	glib_generic
/
	gdisplay_options
.
	gc


97 ./
	glib_generic
/
	gbzlib_crctable
.
	gc


98 ./
	glib_generic
/
	gbzlib
.
	gc


99 ./
	glib_generic
/
	gctype
.
	gc


100 ./
	glib_nios
/
	gnios_linux
.
	gc


101 ./
	glib_nios
/
	gboard
.
	gc


102 ./
	glib_nios
/
	gmult
.
	gc


103 ./
	glib_nios
/
	gdivmod
.
	gc


104 ./
	glib_nios
/
	gcache
.
	gc


105 ./
	glib_nios
/
	gtime
.
	gc


106 ./
	gdrivers
/
	gserial_max3100
.
	gc


107 ./
	gdrivers
/
	gcfb_console
.
	gc


108 ./
	gdrivers
/
	gvideomodes
.
	gc


109 ./
	gdrivers
/
	gnetarm_eth
.
	gc


110 ./
	gdrivers
/
	gtsec
.
	gc


111 ./
	gdrivers
/
	gps2ser
.
	gc


112 ./
	gdrivers
/
	gsmiLynxEM
.
	gc


113 ./
	gdrivers
/
	gs3c4510b_eth
.
	gc


114 ./
	gdrivers
/
	gkeyboard
.
	gc


115 ./
	gdrivers
/
	gsmc91111
.
	gc


116 ./
	gdrivers
/
	gdataflash
.
	gc


117 ./
	gdrivers
/
	gks8695eth
.
	gc


118 ./
	gdrivers
/
	gserial_pl010
.
	gc


119 ./
	gdrivers
/
	gomap24xx_i2c
.
	gc


120 ./
	gdrivers
/
	gi82365
.
	gc


121 ./
	gdrivers
/
	gps2mult
.
	gc


122 ./
	gdrivers
/
	gomap1510_i2c
.
	gc


123 ./
	gdrivers
/
	gusbtty
.
	gc


124 ./
	gdrivers
/
	grtl8169
.
	gc


125 ./
	gdrivers
/
	gns9750_serial
.
	gc


126 ./
	gdrivers
/
	gserial
.
	gc


127 ./
	gdrivers
/
	gmw_eeprom
.
	gc


128 ./
	gdrivers
/
	gsk98lin
/
	gskgemib
.
	gc


129 ./
	gdrivers
/
	gsk98lin
/
	gski2c
.
	gc


130 ./
	gdrivers
/
	gsk98lin
/
	gskvpd
.
	gc


131 ./
	gdrivers
/
	gsk98lin
/
	guboot_skb
.
	gc


132 ./
	gdrivers
/
	gsk98lin
/
	gskrlmt
.
	gc


133 ./
	gdrivers
/
	gsk98lin
/
	gskproc
.
	gc


134 ./
	gdrivers
/
	gsk98lin
/
	gskcsum
.
	gc


135 ./
	gdrivers
/
	gsk98lin
/
	gskgehwt
.
	gc


136 ./
	gdrivers
/
	gsk98lin
/
	gskgeinit
.
	gc


137 ./
	gdrivers
/
	gsk98lin
/
	gskxmac2
.
	gc


138 ./
	gdrivers
/
	gsk98lin
/
	gskaddr
.
	gc


139 ./
	gdrivers
/
	gsk98lin
/
	gskgesirq
.
	gc


140 ./
	gdrivers
/
	gsk98lin
/
	gskgepnmi
.
	gc


141 ./
	gdrivers
/
	gsk98lin
/
	gskge
.
	gc


142 ./
	gdrivers
/
	gsk98lin
/
	guboot_drv
.
	gc


143 ./
	gdrivers
/
	gsk98lin
/
	gsktimer
.
	gc


144 ./
	gdrivers
/
	gsk98lin
/
	gsklm80
.
	gc


145 ./
	gdrivers
/
	gsk98lin
/
	gskqueue
.
	gc


146 ./
	gdrivers
/
	gplb2800_eth
.
	gc


147 ./
	gdrivers
/
	gpci_auto
.
	gc


148 ./
	gdrivers
/
	gns87308
.
	gc


149 ./
	gdrivers
/
	gw83c553f
.
	gc


150 ./
	gdrivers
/
	gcfi_flash
.
	gc


151 ./
	gdrivers
/
	gbcm570x_autoneg
.
	gc


152 ./
	gdrivers
/
	gne2000
.
	gc


153 ./
	gdrivers
/
	gstatus_led
.
	gc


154 ./
	gdrivers
/
	gds1722
.
	gc


155 ./
	gdrivers
/
	gusbdcore_ep0
.
	gc


156 ./
	gdrivers
/
	gtigon3
.
	gc


157 ./
	gdrivers
/
	gpci
.
	gc


158 ./
	gdrivers
/
	glan91c96
.
	gc


159 ./
	gdrivers
/
	gserial_xuartlite
.
	gc


160 ./
	gdrivers
/
	gns9750_eth
.
	gc


161 ./
	gdrivers
/
	gct69000
.
	gc


162 ./
	gdrivers
/
	gnetconsole
.
	gc


163 ./
	gdrivers
/
	gbcm570x
.
	gc


164 ./
	gdrivers
/
	gpcnet
.
	gc


165 ./
	gdrivers
/
	gusbdcore_omap1510
.
	gc


166 ./
	gdrivers
/
	gsym53c8xx
.
	gc


167 ./
	gdrivers
/
	gpc_keyb
.
	gc


168 ./
	gdrivers
/
	gusbdcore
.
	gc


169 ./
	gdrivers
/
	gsl811_usb
.
	gc


170 ./
	gdrivers
/
	geepro100
.
	gc


171 ./
	gdrivers
/
	gns16550
.
	gc


172 ./
	gdrivers
/
	gsed156x
.
	gc


173 ./
	gdrivers
/
	gnatsemi
.
	gc


174 ./
	gdrivers
/
	gi8042
.
	gc


175 ./
	gdrivers
/3c589.c

176 ./
	gdrivers
/
	gdm9000x
.
	gc


177 ./
	gdrivers
/
	gs3c4510b_uart
.
	gc


178 ./
	gdrivers
/
	gserial_pl011
.
	gc


179 ./
	gdrivers
/
	ge1000
.
	gc


180 ./
	gdrivers
/
	gsm501
.
	gc


181 ./
	gdrivers
/
	gti_pci1410a
.
	gc


182 ./
	gdrivers
/
	gsed13806
.
	gc


183 ./
	gdrivers
/5701
	grls
.
	gc


184 ./
	gdrivers
/
	gpci_indirect
.
	gc


185 ./
	gdrivers
/
	gnand
/
	gnand_bbt
.
	gc


186 ./
	gdrivers
/
	gnand
/
	gnand_base
.
	gc


187 ./
	gdrivers
/
	gnand
/
	gnand_ids
.
	gc


188 ./
	gdrivers
/
	gnand
/
	gdiskonchip
.
	gc


189 ./
	gdrivers
/
	gnand
/
	gnand_ecc
.
	gc


190 ./
	gdrivers
/
	gnand
/nand.
	gc


191 ./
	gdrivers
/
	gali512x
.
	gc


192 ./
	gdrivers
/
	grtl8019
.
	gc


193 ./
	gdrivers
/
	gns8382x
.
	gc


194 ./
	gdrivers
/
	gdc2114x
.
	gc


195 ./
	gdrivers
/
	gns7520_eth
.
	gc


196 ./
	gdrivers
/
	gnand_legacy
/nand_legacy.
	gc


197 ./
	gdrivers
/
	grtl8139
.
	gc


198 ./
	gdrivers
/
	ginca
-
	gip_sw
.
	gc


199 ./
	gdrivers
/
	gcs8900
.
	gc


200 ./
	glib_i386
/
	gbios_setup
.
	gc


201 ./
	glib_i386
/
	gvideo
.
	gc


202 ./
	glib_i386
/
	gi386_linux
.
	gc


203 ./
	glib_i386
/
	gboard
.
	gc


204 ./
	glib_i386
/
	gvideo_bios
.
	gc


205 ./
	glib_i386
/
	gpci
.
	gc


206 ./
	glib_i386
/
	gzimage
.
	gc


207 ./
	glib_i386
/
	gpci_type1
.
	gc


208 ./
	glib_i386
/
	grealmode
.
	gc


209 ./
	glib_arm
/
	gboard
.
	gc


210 ./
	glib_arm
/
	garmlinux
.
	gc


211 ./
	glib_arm
/
	gdiv0
.
	gc


212 ./
	glib_arm
/
	gcache
.
	gc


213 ./
	gpost
/
	gwatchdog
.
	gc


214 ./
	gpost
/
	gether
.
	gc


215 ./
	gpost
/
	gdsp
.
	gc


216 ./
	gpost
/
	gspr
.
	gc


217 ./
	gpost
/
	guart
.
	gc


218 ./
	gpost
/
	gusb
.
	gc


219 ./
	gpost
/
	gtests
.
	gc


220 ./
	gpost
/
	gi2c
.
	gc


221 ./
	gpost
/
	gcodec
.
	gc


222 ./
	gpost
/
	gcache
.
	gc


223 ./
	gpost
/
	gcpu
/
	grlwinm
.
	gc


224 ./
	gpost
/
	gcpu
/
	gcomplex
.
	gc


225 ./
	gpost
/
	gcpu
/
	gtwo
.
	gc


226 ./
	gpost
/
	gcpu
/
	grlwnm
.
	gc


227 ./
	gpost
/
	gcpu
/
	gstring
.
	gc


228 ./
	gpost
/
	gcpu
/
	gcr
.
	gc


229 ./
	gpost
/
	gcpu
/
	gcmp
.
	gc


230 ./
	gpost
/
	gcpu
/
	gsrawi
.
	gc


231 ./
	gpost
/
	gcpu
/
	gstore
.
	gc


232 ./
	gpost
/
	gcpu
/
	gcmpi
.
	gc


233 ./
	gpost
/
	gcpu
/
	gthreei
.
	gc


234 ./
	gpost
/
	gcpu
/
	gload
.
	gc


235 ./
	gpost
/
	gcpu
/
	gb
.
	gc


236 ./
	gpost
/
	gcpu
/
	gtwox
.
	gc


237 ./
	gpost
/
	gcpu
/
	gmulti
.
	gc


238 ./
	gpost
/
	gcpu
/
	gandi
.
	gc


239 ./
	gpost
/
	gcpu
/
	grlwimi
.
	gc


240 ./
	gpost
/
	gcpu
/
	gthreex
.
	gc


241 ./
	gpost
/
	gcpu
/
	gthree
.
	gc


242 ./
	gpost
/
	gcpu
.
	gc


243 ./
	gpost
/
	grtc
.
	gc


244 ./
	gpost
/post.
	gc


245 ./
	gpost
/
	gsysmon
.
	gc


246 ./
	gpost
/
	gmemory
.
	gc


247 ./
	gnet
/
	gnfs
.
	gc


248 ./
	gnet
/
	gsntp
.
	gc


249 ./
	gnet
/
	grarp
.
	gc


250 ./
	gnet
/
	gbootp
.
	gc


251 ./
	gnet
/net.
	gc


252 ./
	gnet
/
	geth
.
	gc


253 ./
	gnet
/
	gtftp
.
	gc


254 ./
	glib_bootstrap
/
	gstring
.
	gc


255 ./
	glib_bootstrap
/
	gLzmaDecode
.
	gc


256 ./
	glib_bootstrap
/
	gvsprintf
.
	gc


257 ./
	glib_bootstrap
/
	gLzmaWrapper
.
	gc


258 ./
	glib_bootstrap
/
	gconsole
.
	gc


259 ./
	glib_bootstrap
/
	gdevices
.
	gc


260 ./
	glib_bootstrap
/
	glists
.
	gc


261 ./
	glib_bootstrap
/
	gcrc32
.
	gc


262 ./
	glib_bootstrap
/
	gdisplay_options
.
	gc


263 ./
	glib_bootstrap
/
	gbootstrap_board
.
	gc


264 ./
	glib_bootstrap
/
	gctype
.
	gc


265 ./
	glib_bootstrap
/
	gtime
.
	gc


266 ./
	gcommon
/
	gmiiphybb
.
	gc


267 ./
	gcommon
/
	gcmd_date
.
	gc


268 ./
	gcommon
/
	glcd
.
	gc


269 ./
	gcommon
/
	gcmd_fls
.
	gc


270 ./
	gcommon
/
	gcmd_universe
.
	gc


271 ./
	gcommon
/
	gmemsize
.
	gc


272 ./
	gcommon
/
	gexports
.
	gc


273 ./
	gcommon
/
	gcmd_bmp
.
	gc


274 ./
	gcommon
/
	genv_flash
.
	gc


275 ./
	gcommon
/
	gcmd_nvedit
.
	gc


276 ./
	gcommon
/
	gsoft_spi
.
	gc


277 ./
	gcommon
/
	gcmd_immap
.
	gc


278 ./
	gcommon
/
	gdocecc
.
	gc


279 ./
	gcommon
/
	gspartan2
.
	gc


280 ./
	gcommon
/
	gcmd_ddr
.
	gc


281 ./
	gcommon
/
	gcmd_fdos
.
	gc


282 ./
	gcommon
/
	gcmd_mmc
.
	gc


283 ./
	gcommon
/
	gcmd_reiser
.
	gc


284 ./
	gcommon
/
	gserial
.
	gc


285 ./
	gcommon
/
	gspartan3
.
	gc


286 ./
	gcommon
/
	gbedbug
.
	gc


287 ./
	gcommon
/
	gsoft_i2c
.
	gc


288 ./
	gcommon
/
	gxyzModem
.
	gc


289 ./
	gcommon
/
	gcmd_ide
.
	gc


290 ./
	gcommon
/
	genvironment
.
	gc


291 ./
	gcommon
/
	gxilinx
.
	gc


292 ./
	gcommon
/
	gcmd_mii
.
	gc


293 ./
	gcommon
/
	genv_common
.
	gc


294 ./
	gcommon
/
	gflash
.
	gc


295 ./
	gcommon
/
	gcmd_boot
.
	gc


296 ./
	gcommon
/
	gcmd_scsi
.
	gc


297 ./
	gcommon
/
	gft_build
.
	gc


298 ./
	gcommon
/
	genv_nand
.
	gc


299 ./
	gcommon
/
	gcmd_bedbug
.
	gc


300 ./
	gcommon
/
	gcmd_vfd
.
	gc


301 ./
	gcommon
/
	gcmd_nand
.
	gc


302 ./
	gcommon
/
	gusb
.
	gc


303 ./
	gcommon
/
	gcmd_jffs2
.
	gc


304 ./
	gcommon
/
	gcmd_portio
.
	gc


305 ./
	gcommon
/
	gcmd_itest
.
	gc


306 ./
	gcommon
/
	gcmd_diag
.
	gc


307 ./
	gcommon
/
	gcmd_pll
.
	gc


308 ./
	gcommon
/
	gcmd_misc
.
	gc


309 ./
	gcommon
/
	gcmd_pcmcia
.
	gc


310 ./
	gcommon
/
	gcmd_fdc
.
	gc


311 ./
	gcommon
/
	gACEX1K
.
	gc


312 ./
	gcommon
/
	gcmd_ximg
.
	gc


313 ./
	gcommon
/
	gconsole
.
	gc


314 ./
	gcommon
/
	gcmd_mem
.
	gc


315 ./
	gcommon
/
	gcmd_pci
.
	gc


316 ./
	gcommon
/
	gcmd_reginfo
.
	gc


317 ./
	gcommon
/
	gdlmalloc
.
	gc


318 ./
	gcommon
/
	gcommand
.
	gc


319 ./
	gcommon
/
	gcmd_spi
.
	gc


320 ./
	gcommon
/
	gdevices
.
	gc


321 ./
	gcommon
/
	gcmd_autoscript
.
	gc


322 ./
	gcommon
/
	gcmd_eeprom
.
	gc


323 ./
	gcommon
/
	gcmd_bdinfo
.
	gc


324 ./
	gcommon
/
	glists
.
	gc


325 ./
	gcommon
/
	gcmd_log
.
	gc


326 ./
	gcommon
/
	gcmd_fpga
.
	gc


327 ./
	gcommon
/
	gcmd_fat
.
	gc


328 ./
	gcommon
/
	gcmd_display
.
	gc


329 ./
	gcommon
/
	gcmd_ace
.
	gc


330 ./
	gcommon
/
	gusb_kbd
.
	gc


331 ./
	gcommon
/
	gcmd_console
.
	gc


332 ./
	gcommon
/
	gcrc16
.
	gc


333 ./
	gcommon
/
	genv_eeprom
.
	gc


334 ./
	gcommon
/
	genv_dataflash
.
	gc


335 ./
	gcommon
/
	gcmd_bootm
.
	gc


336 ./
	gcommon
/
	gcmd_net
.
	gc


337 ./
	gcommon
/
	genv_nvram
.
	gc


338 ./
	gcommon
/
	gusb_storage
.
	gc


339 ./
	gcommon
/
	genv_nowhere
.
	gc


340 ./
	gcommon
/
	gcmd_i2c
.
	gc


341 ./
	gcommon
/
	glynxkdi
.
	gc


342 ./
	gcommon
/
	gcmd_dtt
.
	gc


343 ./
	gcommon
/
	gmiiphyutil
.
	gc


344 ./
	gcommon
/
	gcmd_doc
.
	gc


345 ./
	gcommon
/
	gcmd_memtest
.
	gc


346 ./
	gcommon
/
	ghush
.
	gc


347 ./
	gcommon
/
	galtera
.
	gc


348 ./
	gcommon
/
	gcmd_usb
.
	gc


349 ./
	gcommon
/
	gcmd_load
.
	gc


350 ./
	gcommon
/
	gkgdb
.
	gc


351 ./
	gcommon
/
	gcmd_flash
.
	gc


352 ./
	gcommon
/
	gcmd_elf
.
	gc


353 ./
	gcommon
/
	gcmd_dcr
.
	gc


354 ./
	gcommon
/
	gvirtex2
.
	gc


355 ./
	gcommon
/
	gfpga
.
	gc


356 ./
	gcommon
/
	gcircbuf
.
	gc


357 ./
	gcommon
/
	gcmd_ethreg
.
	gc


358 ./
	gcommon
/
	gcmd_cache
.
	gc


359 ./
	gcommon
/
	gcmd_ext2
.
	gc


360 ./
	gcommon
/
	gs_record
.
	gc


361 ./
	gcommon
/
	gmain
.
	gc


362 ./
	glib_nios2
/
	gnios_linux
.
	gc


363 ./
	glib_nios2
/
	gboard
.
	gc


364 ./
	glib_nios2
/
	gmult
.
	gc


365 ./
	glib_nios2
/
	gdivmod
.
	gc


366 ./
	glib_nios2
/
	gtime
.
	gc


367 ./
	gdtt
/
	gadm1021
.
	gc


368 ./
	gdtt
/
	glm75
.
	gc


369 ./
	gdtt
/
	gds1621
.
	gc


370 ./
	gexamples
/
	gsmc91111_eeprom
.
	gc


371 ./
	gexamples
/
	geepro100_eeprom
.
	gc


372 ./
	gexamples
/
	gtimer
.
	gc


373 ./
	gexamples
/
	ghello_world
.
	gc


374 ./
	gexamples
/
	gsched
.
	gc


375 ./
	gexamples
/
	gx86
-
	gtestapp
.
	gc


376 ./
	gexamples
/
	gtest_burst
.
	gc


377 ./
	gexamples
/
	gstubs
.
	gc


378 ./
	gexamples
/
	gmem_to_mem_idma2intr
.
	gc


379 ./
	gexamples
/82559
	g_eeprom
.
	gc


380 ./
	glib_blackfin
/
	gboard
.
	gc


381 ./
	glib_blackfin
/
	gmuldi3
.
	gc


382 ./
	glib_blackfin
/
	gbf533_string
.
	gc


383 ./
	glib_blackfin
/
	gcache
.
	gc


384 ./
	glib_blackfin
/
	gbf533_linux
.
	gc


385 ./
	gcpu
/
	gmpc8260
/
	gether_fcc
.
	gc


386 ./
	gcpu
/
	gmpc8260
/
	gspi
.
	gc


387 ./
	gcpu
/
	gmpc8260
/
	gtraps
.
	gc


388 ./
	gcpu
/
	gmpc8260
/
	gbedbug_603e
.
	gc


389 ./
	gcpu
/
	gmpc8260
/
	gserial_smc
.
	gc


390 ./
	gcpu
/
	gmpc8260
/
	gcpu_init
.
	gc


391 ./
	gcpu
/
	gmpc8260
/
	ginterrupts
.
	gc


392 ./
	gcpu
/
	gmpc8260
/
	gether_scc
.
	gc


393 ./
	gcpu
/
	gmpc8260
/
	gpci
.
	gc


394 ./
	gcpu
/
	gmpc8260
/
	gspeed
.
	gc


395 ./
	gcpu
/
	gmpc8260
/
	gi2c
.
	gc


396 ./
	gcpu
/
	gmpc8260
/
	gcommproc
.
	gc


397 ./
	gcpu
/
	gmpc8260
/cpu.
	gc


398 ./
	gcpu
/
	gmpc8260
/
	gserial_scc
.
	gc


399 ./
	gcpu
/
	gmicroblaze
/
	ginterrupts
.
	gc


400 ./
	gcpu
/
	gmicroblaze
/cpu.
	gc


401 ./
	gcpu
/
	gmpc8220
/
	gfec
.
	gc


402 ./
	gcpu
/
	gmpc8220
/
	gdramSetup
.
	gc


403 ./
	gcpu
/
	gmpc8220
/
	gloadtask
.
	gc


404 ./
	gcpu
/
	gmpc8220
/
	gtraps
.
	gc


405 ./
	gcpu
/
	gmpc8220
/
	gcpu_init
.
	gc


406 ./
	gcpu
/
	gmpc8220
/
	guart
.
	gc


407 ./
	gcpu
/
	gmpc8220
/
	ginterrupts
.
	gc


408 ./
	gcpu
/
	gmpc8220
/
	gpci
.
	gc


409 ./
	gcpu
/
	gmpc8220
/
	gspeed
.
	gc


410 ./
	gcpu
/
	gmpc8220
/
	gi2cCore
.
	gc


411 ./
	gcpu
/
	gmpc8220
/
	gi2c
.
	gc


412 ./
	gcpu
/
	gmpc8220
/cpu.
	gc


413 ./
	gcpu
/
	glh7a40x
/
	gserial
.
	gc


414 ./
	gcpu
/
	glh7a40x
/
	ginterrupts
.
	gc


415 ./
	gcpu
/
	glh7a40x
/
	gspeed
.
	gc


416 ./
	gcpu
/
	glh7a40x
/cpu.
	gc


417 ./
	gcpu
/
	gi386
/
	gserial
.
	gc


418 ./
	gcpu
/
	gi386
/
	ginterrupts
.
	gc


419 ./
	gcpu
/
	gi386
/
	gtimer
.
	gc


420 ./
	gcpu
/
	gi386
/cpu.
	gc


421 ./
	gcpu
/
	gi386
/
	gsc520
.
	gc


422 ./
	gcpu
/
	garm946es
/
	ginterrupts
.
	gc


423 ./
	gcpu
/
	garm946es
/cpu.
	gc


424 ./
	gcpu
/
	gmpc824x
/
	gtraps
.
	gc


425 ./
	gcpu
/
	gmpc824x
/
	gcpu_init
.
	gc


426 ./
	gcpu
/
	gmpc824x
/
	ginterrupts
.
	gc


427 ./
	gcpu
/
	gmpc824x
/
	gpci
.
	gc


428 ./
	gcpu
/
	gmpc824x
/
	gdrivers
/
	gi2o
/
	gi2o1
.
	gc


429 ./
	gcpu
/
	gmpc824x
/
	gdrivers
/
	gdma
/
	gdma1
.
	gc


430 ./
	gcpu
/
	gmpc824x
/
	gdrivers
/
	gepic
/
	gepic1
.
	gc


431 ./
	gcpu
/
	gmpc824x
/
	gdrivers
/
	gi2c
/i2c.
	gc


432 ./
	gcpu
/
	gmpc824x
/
	gspeed
.
	gc


433 ./
	gcpu
/
	gmpc824x
/cpu.
	gc


434 ./
	gcpu
/
	garm1136
/
	ginterrupts
.
	gc


435 ./
	gcpu
/
	garm1136
/cpu.
	gc


436 ./
	gcpu
/
	gmpc85xx
/
	gether_fcc
.
	gc


437 ./
	gcpu
/
	gmpc85xx
/
	gtraps
.
	gc


438 ./
	gcpu
/
	gmpc85xx
/
	gcpu_init
.
	gc


439 ./
	gcpu
/
	gmpc85xx
/
	ginterrupts
.
	gc


440 ./
	gcpu
/
	gmpc85xx
/
	gpci
.
	gc


441 ./
	gcpu
/
	gmpc85xx
/
	gspeed
.
	gc


442 ./
	gcpu
/
	gmpc85xx
/
	gi2c
.
	gc


443 ./
	gcpu
/
	gmpc85xx
/
	gcommproc
.
	gc


444 ./
	gcpu
/
	gmpc85xx
/cpu.
	gc


445 ./
	gcpu
/
	gmpc85xx
/
	gspd_sdram
.
	gc


446 ./
	gcpu
/
	gmpc85xx
/
	gserial_scc
.
	gc


447 ./
	gcpu
/
	gsa1100
/
	gserial
.
	gc


448 ./
	gcpu
/
	gsa1100
/
	ginterrupts
.
	gc


449 ./
	gcpu
/
	gsa1100
/cpu.
	gc


450 ./
	gcpu
/74xx
	g_7xx
/
	gtraps
.
	gc


451 ./
	gcpu
/74xx
	g_7xx
/
	gcpu_init
.
	gc


452 ./
	gcpu
/74xx
	g_7xx
/
	ginterrupts
.
	gc


453 ./
	gcpu
/74xx
	g_7xx
/
	gspeed
.
	gc


454 ./
	gcpu
/74xx
	g_7xx
/cpu.
	gc


455 ./
	gcpu
/
	gixp
/
	gserial
.
	gc


456 ./
	gcpu
/
	gixp
/
	ginterrupts
.
	gc


457 ./
	gcpu
/
	gixp
/
	gpci
.
	gc


458 ./
	gcpu
/
	gixp
/
	gtimer
.
	gc


459 ./
	gcpu
/
	gixp
/cpu.
	gc


460 ./
	gcpu
/
	gmpc8xx
/
	gfec
.
	gc


461 ./
	gcpu
/
	gmpc8xx
/
	gvideo
.
	gc


462 ./
	gcpu
/
	gmpc8xx
/
	glcd
.
	gc


463 ./
	gcpu
/
	gmpc8xx
/
	gspi
.
	gc


464 ./
	gcpu
/
	gmpc8xx
/
	gtraps
.
	gc


465 ./
	gcpu
/
	gmpc8xx
/
	gscc
.
	gc


466 ./
	gcpu
/
	gmpc8xx
/
	gserial
.
	gc


467 ./
	gcpu
/
	gmpc8xx
/
	gcpu_init
.
	gc


468 ./
	gcpu
/
	gmpc8xx
/
	ginterrupts
.
	gc


469 ./
	gcpu
/
	gmpc8xx
/
	gwlkbd
.
	gc


470 ./
	gcpu
/
	gmpc8xx
/
	gspeed
.
	gc


471 ./
	gcpu
/
	gmpc8xx
/
	gi2c
.
	gc


472 ./
	gcpu
/
	gmpc8xx
/
	gbedbug_860
.
	gc


473 ./
	gcpu
/
	gmpc8xx
/
	gcommproc
.
	gc


474 ./
	gcpu
/
	gmpc8xx
/cpu.
	gc


475 ./
	gcpu
/
	gmpc8xx
/
	gupatch
.
	gc


476 ./
	gcpu
/
	garm920t
/
	gimx
/
	gserial
.
	gc


477 ./
	gcpu
/
	garm920t
/
	gimx
/
	ginterrupts
.
	gc


478 ./
	gcpu
/
	garm920t
/
	gimx
/
	gspeed
.
	gc


479 ./
	gcpu
/
	garm920t
/
	gimx
/
	ggeneric
.
	gc


480 ./
	gcpu
/
	garm920t
/
	ginterrupts
.
	gc


481 ./
	gcpu
/
	garm920t
/
	gat91rm9200
/
	gbcm5221
.
	gc


482 ./
	gcpu
/
	garm920t
/
	gat91rm9200
/
	gether
.
	gc


483 ./
	gcpu
/
	garm920t
/
	gat91rm9200
/
	gserial
.
	gc


484 ./
	gcpu
/
	garm920t
/
	gat91rm9200
/
	gusb_ohci
.
	gc


485 ./
	gcpu
/
	garm920t
/
	gat91rm9200
/
	ginterrupts
.
	gc


486 ./
	gcpu
/
	garm920t
/
	gat91rm9200
/
	gdm9161
.
	gc


487 ./
	gcpu
/
	garm920t
/
	gat91rm9200
/
	glxt972
.
	gc


488 ./
	gcpu
/
	garm920t
/
	gat91rm9200
/
	gi2c
.
	gc


489 ./
	gcpu
/
	garm920t
/
	gs3c24x0
/
	gserial
.
	gc


490 ./
	gcpu
/
	garm920t
/
	gs3c24x0
/
	gusb_ohci
.
	gc


491 ./
	gcpu
/
	garm920t
/
	gs3c24x0
/
	ginterrupts
.
	gc


492 ./
	gcpu
/
	garm920t
/
	gs3c24x0
/
	gspeed
.
	gc


493 ./
	gcpu
/
	garm920t
/
	gs3c24x0
/
	gi2c
.
	gc


494 ./
	gcpu
/
	garm920t
/
	gks8695
/
	gserial
.
	gc


495 ./
	gcpu
/
	garm920t
/
	gks8695
/
	ginterrupts
.
	gc


496 ./
	gcpu
/
	garm920t
/cpu.
	gc


497 ./
	gcpu
/
	garm_intcm
/
	ginterrupts
.
	gc


498 ./
	gcpu
/
	garm_intcm
/cpu.
	gc


499 ./
	gcpu
/
	garm925t
/
	ginterrupts
.
	gc


500 ./
	gcpu
/
	garm925t
/cpu.
	gc


501 ./
	gcpu
/
	garm925t
/
	gomap925
.
	gc


502 ./
	gcpu
/
	gnios
/
	gasmi
.
	gc


503 ./
	gcpu
/
	gnios
/
	gspi
.
	gc


504 ./
	gcpu
/
	gnios
/
	gserial
.
	gc


505 ./
	gcpu
/
	gnios
/
	ginterrupts
.
	gc


506 ./
	gcpu
/
	gnios
/cpu.
	gc


507 ./
	gcpu
/
	gnios2
/
	gtraps
.
	gc


508 ./
	gcpu
/
	gnios2
/
	gserial
.
	gc


509 ./
	gcpu
/
	gnios2
/
	ginterrupts
.
	gc


510 ./
	gcpu
/
	gnios2
/
	gepcs
.
	gc


511 ./
	gcpu
/
	gnios2
/
	gsysid
.
	gc


512 ./
	gcpu
/
	gnios2
/cpu.
	gc


513 ./
	gcpu
/
	gmcf52x2
/
	gfec
.
	gc


514 ./
	gcpu
/
	gmcf52x2
/
	gserial
.
	gc


515 ./
	gcpu
/
	gmcf52x2
/
	gcpu_init
.
	gc


516 ./
	gcpu
/
	gmcf52x2
/
	ginterrupts
.
	gc


517 ./
	gcpu
/
	gmcf52x2
/
	gspeed
.
	gc


518 ./
	gcpu
/
	gmcf52x2
/cpu.
	gc


519 ./
	gcpu
/
	garm720t
/
	gserial
.
	gc


520 ./
	gcpu
/
	garm720t
/
	ginterrupts
.
	gc


521 ./
	gcpu
/
	garm720t
/
	gserial_netarm
.
	gc


522 ./
	gcpu
/
	garm720t
/cpu.
	gc


523 ./
	gcpu
/
	gppc4xx
/
	gsdram
.
	gc


524 ./
	gcpu
/
	gppc4xx
/
	gtraps
.
	gc


525 ./
	gcpu
/
	gppc4xx
/
	gserial
.
	gc


526 ./
	gcpu
/
	gppc4xx
/
	gbedbug_405
.
	gc


527 ./
	gcpu
/
	gppc4xx
/
	gcpu_init
.
	gc


528 ./
	gcpu
/
	gppc4xx
/
	gusbdev
.
	gc


529 ./
	gcpu
/
	gppc4xx
/
	gusb_ohci
.
	gc


530 ./
	gcpu
/
	gppc4xx
/
	ginterrupts
.
	gc


531 ./
	gcpu
/
	gppc4xx
/405
	ggp_pci
.
	gc


532 ./
	gcpu
/
	gppc4xx
/
	gspeed
.
	gc


533 ./
	gcpu
/
	gppc4xx
/
	gi2c
.
	gc


534 ./
	gcpu
/
	gppc4xx
/
	gmiiphy
.
	gc


535 ./
	gcpu
/
	gppc4xx
/
	gcommproc
.
	gc


536 ./
	gcpu
/
	gppc4xx
/cpu.
	gc


537 ./
	gcpu
/
	gppc4xx
/4xx
	g_enet
.
	gc


538 ./
	gcpu
/
	gppc4xx
/
	gspd_sdram
.
	gc


539 ./
	gcpu
/
	gmpc83xx
/
	gtraps
.
	gc


540 ./
	gcpu
/
	gmpc83xx
/
	gcpu_init
.
	gc


541 ./
	gcpu
/
	gmpc83xx
/
	ginterrupts
.
	gc


542 ./
	gcpu
/
	gmpc83xx
/
	gspeed
.
	gc


543 ./
	gcpu
/
	gmpc83xx
/
	gi2c
.
	gc


544 ./
	gcpu
/
	gmpc83xx
/cpu.
	gc


545 ./
	gcpu
/
	gmpc83xx
/
	gspd_sdram
.
	gc


546 ./
	gcpu
/
	gmpc5xx
/
	gspi
.
	gc


547 ./
	gcpu
/
	gmpc5xx
/
	gtraps
.
	gc


548 ./
	gcpu
/
	gmpc5xx
/
	gserial
.
	gc


549 ./
	gcpu
/
	gmpc5xx
/
	gcpu_init
.
	gc


550 ./
	gcpu
/
	gmpc5xx
/
	ginterrupts
.
	gc


551 ./
	gcpu
/
	gmpc5xx
/
	gspeed
.
	gc


552 ./
	gcpu
/
	gmpc5xx
/cpu.
	gc


553 ./
	gcpu
/
	gpxa
/
	gpxafb
.
	gc


554 ./
	gcpu
/
	gpxa
/
	gmmc
.
	gc


555 ./
	gcpu
/
	gpxa
/
	gserial
.
	gc


556 ./
	gcpu
/
	gpxa
/
	ginterrupts
.
	gc


557 ./
	gcpu
/
	gpxa
/
	gi2c
.
	gc


558 ./
	gcpu
/
	gpxa
/cpu.
	gc


559 ./
	gcpu
/
	gs3c44b0
/
	gserial
.
	gc


560 ./
	gcpu
/
	gs3c44b0
/
	ginterrupts
.
	gc


561 ./
	gcpu
/
	gs3c44b0
/cpu.
	gc


562 ./
	gcpu
/
	gmips
/
	gau1x00_usb_ohci
.
	gc


563 ./
	gcpu
/
	gmips
/
	gar7100
/
	gag7100
.
	gc


564 ./
	gcpu
/
	gmips
/
	gar7100
/
	gmeminit
.
	gc


565 ./
	gcpu
/
	gmips
/
	gar7100
/
	gar7100_serial
.
	gc


566 ./
	gcpu
/
	gmips
/
	ginterrupts
.
	gc


567 ./
	gcpu
/
	gmips
/
	gincaip_clock
.
	gc


568 ./
	gcpu
/
	gmips
/
	gau1x00_eth
.
	gc


569 ./
	gcpu
/
	gmips
/
	gar7240
/
	gag7240
.
	gc


570 ./
	gcpu
/
	gmips
/
	gar7240
/
	gmeminit
.
	gc


571 ./
	gcpu
/
	gmips
/
	gar7240
/
	gar7240_serial
.
	gc


572 ./
	gcpu
/
	gmips
/
	gasc_serial
.
	gc


573 ./
	gcpu
/
	gmips
/cpu.
	gc


574 ./
	gcpu
/
	gmips
/
	gau1x00_serial
.
	gc


575 ./
	gcpu
/
	gbf533
/
	gtraps
.
	gc


576 ./
	gcpu
/
	gbf533
/
	gserial
.
	gc


577 ./
	gcpu
/
	gbf533
/
	ginterrupts
.
	gc


578 ./
	gcpu
/
	gbf533
/
	gints
.
	gc


579 ./
	gcpu
/
	gbf533
/cpu.
	gc


580 ./
	gcpu
/
	gmpc5xxx
/
	gfec
.
	gc


581 ./
	gcpu
/
	gmpc5xxx
/
	gloadtask
.
	gc


582 ./
	gcpu
/
	gmpc5xxx
/
	gtraps
.
	gc


583 ./
	gcpu
/
	gmpc5xxx
/
	gserial
.
	gc


584 ./
	gcpu
/
	gmpc5xxx
/
	gcpu_init
.
	gc


585 ./
	gcpu
/
	gmpc5xxx
/
	gusb_ohci
.
	gc


586 ./
	gcpu
/
	gmpc5xxx
/
	ginterrupts
.
	gc


587 ./
	gcpu
/
	gmpc5xxx
/
	gpci_mpc5200
.
	gc


588 ./
	gcpu
/
	gmpc5xxx
/
	gide
.
	gc


589 ./
	gcpu
/
	gmpc5xxx
/
	gspeed
.
	gc


590 ./
	gcpu
/
	gmpc5xxx
/
	gi2c
.
	gc


591 ./
	gcpu
/
	gmpc5xxx
/cpu.
	gc


592 ./
	gcpu
/
	garm926ejs
/
	gomap
/
	gtimer
.
	gc


593 ./
	gcpu
/
	garm926ejs
/
	ginterrupts
.
	gc


594 ./
	gcpu
/
	garm926ejs
/
	gversatile
/
	gtimer
.
	gc


595 ./
	gcpu
/
	garm926ejs
/cpu.
	gc


596 ./
	gboard
/
	gar7100
/
	gap96
/ap96.
	gc


597 ./
	gboard
/
	gar7100
/
	gap81
/
	gflash
.
	gc


598 ./
	gboard
/
	gar7100
/
	gap81
/ap81.
	gc


599 ./
	gboard
/
	gar7100
/
	gap83
/
	gflash
.
	gc


600 ./
	gboard
/
	gar7100
/
	gap83
/ap83.
	gc


601 ./
	gboard
/
	gar7100
/
	gpb42
/
	gflash
.
	gc


602 ./
	gboard
/
	gar7100
/
	gpb42
/pb42.
	gc


603 ./
	gboard
/
	gar7100
/
	gpb45
/pb45.
	gc


604 ./
	gboard
/
	gar7100
/
	gpb45
/
	gpb45_pci
.
	gc


605 ./
	gboard
/
	gar7100
/
	gtb243
/tb243.
	gc


606 ./
	gboard
/
	gar7100
/
	gcommon
/
	gg5_Plus1_2_31_unmanaged_Atheros_v3
.
	gc


607 ./
	gboard
/
	gar7100
/
	gcommon
/
	gvsc_phy
.
	gc


608 ./
	gboard
/
	gar7100
/
	gcommon
/
	gipPhy
.
	gc


609 ./
	gboard
/
	gar7100
/
	gcommon
/
	gg5_Plus1_2_29b_unmanaged_Atheros_v5
.
	gc


610 ./
	gboard
/
	gar7100
/
	gcommon
/
	gvsc8601_phy
.
	gc


611 ./
	gboard
/
	gar7100
/
	gcommon
/
	gg5_Plus1_2_29a_unmanaged_Atheros_v5
.
	gc


612 ./
	gboard
/
	gar7100
/
	gcommon
/
	gg5e_Plus1_2_29a_unmanaged_Atheros_v3
.
	gc


613 ./
	gboard
/
	gar7100
/
	gcommon
/
	ggeneric_i2c
.
	gc


614 ./
	gboard
/
	gar7100
/
	gcommon
/
	gg5_Plus1_2_31_unmanaged_Atheros_v4
.
	gc


615 ./
	gboard
/
	gar7100
/
	gcommon
/
	gathrs26_phy
.
	gc


616 ./
	gboard
/
	gar7100
/
	gcommon
/
	gathrs16_phy
.
	gc


617 ./
	gboard
/
	gar7100
/
	gcommon
/
	gar9100_pflash
.
	gc


618 ./
	gboard
/
	gar7100
/
	gcommon
/
	gar7100_flash
.
	gc


619 ./
	gboard
/
	gar7100
/
	gcommon
/
	ggeneric_spi
.
	gc


620 ./
	gboard
/
	gar7100
/
	gcommon
/
	gvsc73xx
.
	gc


621 ./
	gboard
/
	gar7100
/
	gap94
/
	gap94_pci
.
	gc


622 ./
	gboard
/
	gar7100
/
	gap94
/ap94.
	gc


623 ./
	gboard
/
	gar7100
/
	gap94
/
	gathrs26_phy
.
	gc


624 ./
	gboard
/
	gar7100
/
	gtb225
/
	gflash
.
	gc


625 ./
	gboard
/
	gar7100
/
	gtb225
/tb225.
	gc


626 ./
	gboard
/
	gar7240
/
	gar7240_emu
/
	gflash
.
	gc


627 ./
	gboard
/
	gar7240
/
	gar7240_emu
/ar7240_emu.
	gc


628 ./
	gboard
/
	gar7240
/
	gpb90
/
	gflash
.
	gc


629 ./
	gboard
/
	gar7240
/
	gpb90
/pb90.
	gc


630 ./
	gboard
/
	gar7240
/
	gap91
/
	gflash
.
	gc


631 ./
	gboard
/
	gar7240
/
	gap91
/ap91.
	gc


632 ./
	gboard
/
	gar7240
/
	gap91
/
	gar9285gpio
.
	gc


633 ./
	gboard
/
	gar7240
/
	gcommon
/
	gar7240_s26_phy
.
	gc


634 ./
	gboard
/
	gar7240
/
	gcommon
/
	gar7240_flash
.
	gc


635 ./
	gboard
/
	gar7240
/
	gcommon
/
	gar7240_pci
.
	gc


636 ./
	gboard
/
	gar7240
/
	gcommon
/
	gathrs16_phy
.
	gc


637 ./
	gboard
/
	gar7240
/
	gtb327
/
	gflash
.
	gc


638 ./
	gboard
/
	gar7240
/
	gtb327
/tb327.
	gc


639 ./
	gboard
/
	gar7240
/
	gap93
/
	gflash
.
	gc


640 ./
	gboard
/
	gar7240
/
	gap93
/ap93.
	gc


641 ./
	gboard
/
	gar7240
/
	gpb93
/
	gflash
.
	gc


642 ./
	gboard
/
	gar7240
/
	gpb93
/pb93.
	gc


643 ./
	gboard
/
	gar7240
/
	gap101
/
	gflash
.
	gc


644 ./
	gboard
/
	gar7240
/
	gap101
/ap101.
	gc


645 ./
	gboard
/
	gar7240
/
	gwrt54g
/
	gflash
.
	gc


646 ./
	gboard
/
	gar7240
/
	gwrt54g
/wrt54g.
	gc


647 ./
	gboard
/
	gar7240
/
	gap91
-2
	gMB
/
	gflash
.
	gc


648 ./
	gboard
/
	gar7240
/
	gap91
-2
	gMB
/ap91-2MB.
	gc


649 ./
	gboard
/
	gar7240
/
	gap91
-2
	gMB
/
	gar9285gpio
.
	gc


650 ./
	gboard
/
	gar7240
/
	gap99
/
	gflash
.
	gc


651 ./
	gboard
/
	gar7240
/
	gap99
/ap99.
	gc


652 ./
	glib_ppc
/
	gboard
.
	gc


653 ./
	glib_ppc
/
	ginterrupts
.
	gc


654 ./
	glib_ppc
/
	gbat_rw
.
	gc


655 ./
	glib_ppc
/
	gcache
.
	gc


656 ./
	glib_ppc
/
	gextable
.
	gc


657 ./
	glib_ppc
/
	gkgdb
.
	gc


658 ./
	glib_ppc
/
	gtime
.
	gc


659 ./
	gdisk
/
	gpart_iso
.
	gh


660 ./
	gdisk
/
	gpart_amiga
.
	gh


661 ./
	gdisk
/
	gpart_dos
.
	gh


662 ./
	gdisk
/
	gpart_mac
.
	gh


663 ./
	ginclude
/
	gimage
.
	gh


664 ./
	ginclude
/
	gACEX1K
.
	gh


665 ./
	ginclude
/
	gcommon
.
	gh


666 ./
	ginclude
/
	gvideo_ad7177
.
	gh


667 ./
	ginclude
/
	gmpc85xx
.
	gh


668 ./
	ginclude
/
	gs3c2410
.
	gh


669 ./
	ginclude
/
	gdtt
.
	gh


670 ./
	ginclude
/
	gcommand
.
	gh


671 ./
	ginclude
/
	gzlib
.
	gh


672 ./
	ginclude
/
	gns9750_ser
.
	gh


673 ./
	ginclude
/
	gar7240_soc
.
	gh


674 ./
	ginclude
/
	gdataflash
.
	gh


675 ./
	ginclude
/
	galtera
.
	gh


676 ./
	ginclude
/
	gSA
-1100.
	gh


677 ./
	ginclude
/
	gsed156x
.
	gh


678 ./
	ginclude
/
	gppc4xx
.
	gh


679 ./
	ginclude
/
	gusb
.
	gh


680 ./
	ginclude
/
	gvideo
.
	gh


681 ./
	ginclude
/
	gfat
.
	gh


682 ./
	ginclude
/
	garm926ejs
.
	gh


683 ./
	ginclude
/
	ghush
.
	gh


684 ./
	ginclude
/
	grtc
.
	gh


685 ./
	ginclude
/
	gasm
-
	gnios
/
	gstring
.
	gh


686 ./
	ginclude
/
	gasm
-
	gnios
/
	gtypes
.
	gh


687 ./
	ginclude
/
	gasm
-
	gnios
/
	gglobal_data
.
	gh


688 ./
	ginclude
/
	gasm
-
	gnios
/
	gprocessor
.
	gh


689 ./
	ginclude
/
	gasm
-
	gnios
/
	gstatus_led
.
	gh


690 ./
	ginclude
/
	gasm
-
	gnios
/
	gpsr
.
	gh


691 ./
	ginclude
/
	gasm
-
	gnios
/
	gu
-
	gboot
.
	gh


692 ./
	ginclude
/
	gasm
-
	gnios
/
	gptrace
.
	gh


693 ./
	ginclude
/
	gasm
-
	gnios
/
	gcache
.
	gh


694 ./
	ginclude
/
	gasm
-
	gnios
/
	gsystem
.
	gh


695 ./
	ginclude
/
	gasm
-
	gnios
/
	gbitops
.
	gh


696 ./
	ginclude
/
	gasm
-
	gnios
/
	gposix_types
.
	gh


697 ./
	ginclude
/
	gasm
-
	gnios
/
	gio
.
	gh


698 ./
	ginclude
/
	gasm
-
	gnios
/
	gbyteorder
.
	gh


699 ./
	ginclude
/
	gdm9161
.
	gh


700 ./
	ginclude
/
	gns9750_bbus
.
	gh


701 ./
	ginclude
/
	gasm
-
	garm
/
	garch
-
	gks8695
/
	gplatform
.
	gh


702 ./
	ginclude
/
	gasm
-
	garm
/
	gstring
.
	gh


703 ./
	ginclude
/
	gasm
-
	garm
/
	gmemory
.
	gh


704 ./
	ginclude
/
	gasm
-
	garm
/
	garch
-
	garm925t
/
	gsizes
.
	gh


705 ./
	ginclude
/
	gasm
-
	garm
/
	gtypes
.
	gh


706 ./
	ginclude
/
	gasm
-
	garm
/
	gglobal_data
.
	gh


707 ./
	ginclude
/
	gasm
-
	garm
/
	gerrno
.
	gh


708 ./
	ginclude
/
	gasm
-
	garm
/
	gprocessor
.
	gh


709 ./
	ginclude
/
	gasm
-
	garm
/
	gmach
-
	gtypes
.
	gh


710 ./
	ginclude
/
	gasm
-
	garm
/
	garch
-
	garm1136
/
	gmux
.
	gh


711 ./
	ginclude
/
	gasm
-
	garm
/
	garch
-
	garm1136
/
	gsys_proto
.
	gh


712 ./
	ginclude
/
	gasm
-
	garm
/
	garch
-
	garm1136
/
	gclocks
.
	gh


713 ./
	ginclude
/
	gasm
-
	garm
/
	garch
-
	garm1136
/
	gbits
.
	gh


714 ./
	ginclude
/
	gasm
-
	garm
/
	garch
-
	garm1136
/
	gomap2420
.
	gh


715 ./
	ginclude
/
	gasm
-
	garm
/
	garch
-
	garm1136
/
	gi2c
.
	gh


716 ./
	ginclude
/
	gasm
-
	garm
/
	garch
-
	garm1136
/
	gsizes
.
	gh


717 ./
	ginclude
/
	gasm
-
	garm
/
	garch
-
	garm1136
/
	gsys_info
.
	gh


718 ./
	ginclude
/
	gasm
-
	garm
/
	garch
-
	garm1136
/
	gmem
.
	gh


719 ./
	ginclude
/
	gasm
-
	garm
/
	gatomic
.
	gh


720 ./
	ginclude
/
	gasm
-
	garm
/
	garch
-
	garm720t
/
	gnetarm_eni_module
.
	gh


721 ./
	ginclude
/
	gasm
-
	garm
/
	garch
-
	garm720t
/
	gnetarm_registers
.
	gh


722 ./
	ginclude
/
	gasm
-
	garm
/
	garch
-
	garm720t
/
	gs3c4510b
.
	gh


723 ./
	ginclude
/
	gasm
-
	garm
/
	garch
-
	garm720t
/
	gnetarm_ser_module
.
	gh


724 ./
	ginclude
/
	gasm
-
	garm
/
	garch
-
	garm720t
/
	gnetarm_mem_module
.
	gh


725 ./
	ginclude
/
	gasm
-
	garm
/
	garch
-
	garm720t
/
	gnetarm_gen_module
.
	gh


726 ./
	ginclude
/
	gasm
-
	garm
/
	garch
-
	garm720t
/
	gnetarm_dma_module
.
	gh


727 ./
	ginclude
/
	gasm
-
	garm
/
	garch
-
	garm720t
/
	ghardware
.
	gh


728 ./
	ginclude
/
	gasm
-
	garm
/
	garch
-
	garm720t
/
	gnetarm_eth_module
.
	gh


729 ./
	ginclude
/
	gasm
-
	garm
/
	gu
-
	gboot
.
	gh


730 ./
	ginclude
/
	gasm
-
	garm
/
	gsetup
.
	gh


731 ./
	ginclude
/
	gasm
-
	garm
/
	gptrace
.
	gh


732 ./
	ginclude
/
	gasm
-
	garm
/
	garch
-
	gat91rm9200
/
	gAT91RM9200
.
	gh


733 ./
	ginclude
/
	gasm
-
	garm
/
	garch
-
	gat91rm9200
/
	ghardware
.
	gh


734 ./
	ginclude
/
	gasm
-
	garm
/
	garch
-
	gpxa
/pxa-
	gregs
.
	gh


735 ./
	ginclude
/
	gasm
-
	garm
/
	garch
-
	gpxa
/
	gmmc
.
	gh


736 ./
	ginclude
/
	gasm
-
	garm
/
	garch
-
	gpxa
/
	gbitfield
.
	gh


737 ./
	ginclude
/
	gasm
-
	garm
/
	garch
-
	gpxa
/
	ghardware
.
	gh


738 ./
	ginclude
/
	gasm
-
	garm
/
	garch
-
	gs3c44b0
/
	ghardware
.
	gh


739 ./
	ginclude
/
	gasm
-
	garm
/
	gproc
-
	garmv
/
	gprocessor
.
	gh


740 ./
	ginclude
/
	gasm
-
	garm
/
	gproc
-
	garmv
/
	gptrace
.
	gh


741 ./
	ginclude
/
	gasm
-
	garm
/
	gproc
-
	garmv
/
	gsystem
.
	gh


742 ./
	ginclude
/
	gasm
-
	garm
/
	gproc
-
	garmv
/
	gdomain
.
	gh


743 ./
	ginclude
/
	gasm
-
	garm
/
	garch
-
	garm926ejs
/
	gsizes
.
	gh


744 ./
	ginclude
/
	gasm
-
	garm
/
	garch
-
	gimx
/imx-
	gregs
.
	gh


745 ./
	ginclude
/
	gasm
-
	garm
/
	garch
-
	gixp
/
	gixp425
.
	gh


746 ./
	ginclude
/
	gasm
-
	garm
/
	garch
-
	gixp
/
	gixp425pci
.
	gh


747 ./
	ginclude
/
	gasm
-
	garm
/
	garch
-
	gs3c24x0
/
	gmemory
.
	gh


748 ./
	ginclude
/
	gasm
-
	garm
/
	gbitops
.
	gh


749 ./
	ginclude
/
	gasm
-
	garm
/
	garch
-
	gsa1100
/
	gbitfield
.
	gh


750 ./
	ginclude
/
	gasm
-
	garm
/
	gsizes
.
	gh


751 ./
	ginclude
/
	gasm
-
	garm
/
	gposix_types
.
	gh


752 ./
	ginclude
/
	gasm
-
	garm
/
	gio
.
	gh


753 ./
	ginclude
/
	gasm
-
	garm
/
	gu
-
	gboot
-arm.
	gh


754 ./
	ginclude
/
	gasm
-
	garm
/
	ghardware
.
	gh


755 ./
	ginclude
/
	gasm
-
	garm
/
	gbyteorder
.
	gh


756 ./
	ginclude
/
	gnand
.
	gh


757 ./
	ginclude
/
	gstatus_led
.
	gh


758 ./
	ginclude
/
	gasm
-
	gm68k
/
	gstring
.
	gh


759 ./
	ginclude
/
	gasm
-
	gm68k
/
	gtypes
.
	gh


760 ./
	ginclude
/
	gasm
-
	gm68k
/
	gglobal_data
.
	gh


761 ./
	ginclude
/
	gasm
-
	gm68k
/
	gprocessor
.
	gh


762 ./
	ginclude
/
	gasm
-
	gm68k
/
	gm5249
.
	gh


763 ./
	ginclude
/
	gasm
-
	gm68k
/
	gu
-
	gboot
.
	gh


764 ./
	ginclude
/
	gasm
-
	gm68k
/
	gimmap_5249
.
	gh


765 ./
	ginclude
/
	gasm
-
	gm68k
/
	gptrace
.
	gh


766 ./
	ginclude
/
	gasm
-
	gm68k
/
	gfec
.
	gh


767 ./
	ginclude
/
	gasm
-
	gm68k
/
	gmcftimer
.
	gh


768 ./
	ginclude
/
	gasm
-
	gm68k
/
	gmcfuart
.
	gh


769 ./
	ginclude
/
	gasm
-
	gm68k
/
	gbitops
.
	gh


770 ./
	ginclude
/
	gasm
-
	gm68k
/
	gimmap_5282
.
	gh


771 ./
	ginclude
/
	gasm
-
	gm68k
/
	gm5272
.
	gh


772 ./
	ginclude
/
	gasm
-
	gm68k
/
	gposix_types
.
	gh


773 ./
	ginclude
/
	gasm
-
	gm68k
/
	gio
.
	gh


774 ./
	ginclude
/
	gasm
-
	gm68k
/
	gimmap_5272
.
	gh


775 ./
	ginclude
/
	gasm
-
	gm68k
/
	gm5282
.
	gh


776 ./
	ginclude
/
	gasm
-
	gm68k
/
	gbyteorder
.
	gh


777 ./
	ginclude
/
	gcircbuf
.
	gh


778 ./
	ginclude
/
	gpci
.
	gh


779 ./
	ginclude
/
	gdevices
.
	gh


780 ./
	ginclude
/
	gasm
-
	gnios2
/
	gstring
.
	gh


781 ./
	ginclude
/
	gasm
-
	gnios2
/
	gtypes
.
	gh


782 ./
	ginclude
/
	gasm
-
	gnios2
/
	gglobal_data
.
	gh


783 ./
	ginclude
/
	gasm
-
	gnios2
/
	gprocessor
.
	gh


784 ./
	ginclude
/
	gasm
-
	gnios2
/
	gstatus_led
.
	gh


785 ./
	ginclude
/
	gasm
-
	gnios2
/
	gpsr
.
	gh


786 ./
	ginclude
/
	gasm
-
	gnios2
/
	gu
-
	gboot
.
	gh


787 ./
	ginclude
/
	gasm
-
	gnios2
/
	gptrace
.
	gh


788 ./
	ginclude
/
	gasm
-
	gnios2
/
	gcache
.
	gh


789 ./
	ginclude
/
	gasm
-
	gnios2
/
	gsystem
.
	gh


790 ./
	ginclude
/
	gasm
-
	gnios2
/
	gbitops
.
	gh


791 ./
	ginclude
/
	gasm
-
	gnios2
/
	gposix_types
.
	gh


792 ./
	ginclude
/
	gasm
-
	gnios2
/
	gio
.
	gh


793 ./
	ginclude
/
	gasm
-
	gnios2
/
	gopcodes
.
	gh


794 ./
	ginclude
/
	gasm
-
	gnios2
/
	gbyteorder
.
	gh


795 ./
	ginclude
/
	gpost
.
	gh


796 ./
	ginclude
/
	gusbdcore
.
	gh


797 ./
	ginclude
/
	g_exports
.
	gh


798 ./
	ginclude
/
	gpc_keyb
.
	gh


799 ./
	ginclude
/
	gconfigs
/
	gNC650
.
	gh


800 ./
	ginclude
/
	gconfigs
/
	gIceCube
.
	gh


801 ./
	ginclude
/
	gconfigs
/
	gmodnet50
.
	gh


802 ./
	ginclude
/
	gconfigs
/
	gIPHASE4539
.
	gh


803 ./
	ginclude
/
	gconfigs
/
	gp3p440
.
	gh


804 ./
	ginclude
/
	gconfigs
/
	gDK1S10
.
	gh


805 ./
	ginclude
/
	gconfigs
/
	gMUSENKI
.
	gh


806 ./
	ginclude
/
	gconfigs
/
	gNETVIA
.
	gh


807 ./
	ginclude
/
	gconfigs
/
	gap81
.
	gh


808 ./
	ginclude
/
	gconfigs
/
	gGTH
.
	gh


809 ./
	ginclude
/
	gconfigs
/
	gM5282EVB
.
	gh


810 ./
	ginclude
/
	gconfigs
/
	gap99
.
	gh


811 ./
	ginclude
/
	gconfigs
/
	gMPC8540EVAL
.
	gh


812 ./
	ginclude
/
	gconfigs
/
	gDK1C20_safe_32
.
	gh


813 ./
	ginclude
/
	gconfigs
/
	gA3000
.
	gh


814 ./
	ginclude
/
	gconfigs
/
	gTQM855M
.
	gh


815 ./
	ginclude
/
	gconfigs
/
	gFPS860L
.
	gh


816 ./
	ginclude
/
	gconfigs
/
	gsc520_spunk
.
	gh


817 ./
	ginclude
/
	gconfigs
/
	glpd7a404
.
	gh


818 ./
	ginclude
/
	gconfigs
/
	gcradle
.
	gh


819 ./
	ginclude
/
	gconfigs
/
	gMPC8266ADS
.
	gh


820 ./
	ginclude
/
	gconfigs
/
	gFPS850L
.
	gh


821 ./
	ginclude
/
	gconfigs
/
	gML2
.
	gh


822 ./
	ginclude
/
	gconfigs
/
	gsbc8260
.
	gh


823 ./
	ginclude
/
	gconfigs
/
	gAPC405
.
	gh


824 ./
	ginclude
/
	gconfigs
/
	gRPXClassic
.
	gh


825 ./
	ginclude
/
	gconfigs
/
	gAMX860
.
	gh


826 ./
	ginclude
/
	gconfigs
/
	gcogent_common
.
	gh


827 ./
	ginclude
/
	gconfigs
/
	gAdder
.
	gh


828 ./
	ginclude
/
	gconfigs
/
	gpb90
.
	gh


829 ./
	ginclude
/
	gconfigs
/
	gMVBLUE
.
	gh


830 ./
	ginclude
/
	gconfigs
/
	gap91
-2
	gMB
.
	gh


831 ./
	ginclude
/
	gconfigs
/
	gap101
.
	gh


832 ./
	ginclude
/
	gconfigs
/
	gRRvision
.
	gh


833 ./
	ginclude
/
	gconfigs
/
	gNX823
.
	gh


834 ./
	ginclude
/
	gconfigs
/
	gcogent_mpc8xx
.
	gh


835 ./
	ginclude
/
	gconfigs
/
	gFADS850SAR
.
	gh


836 ./
	ginclude
/
	gconfigs
/
	gap83
.
	gh


837 ./
	ginclude
/
	gconfigs
/
	gMPC8349EMDS
.
	gh


838 ./
	ginclude
/
	gconfigs
/
	gDU405
.
	gh


839 ./
	ginclude
/
	gconfigs
/
	gYukon8220
.
	gh


840 ./
	ginclude
/
	gconfigs
/
	gintegratorcp
.
	gh


841 ./
	ginclude
/
	gconfigs
/
	gADCIOP
.
	gh


842 ./
	ginclude
/
	gconfigs
/
	gomap1510inn
.
	gh


843 ./
	ginclude
/
	gconfigs
/
	gCCM
.
	gh


844 ./
	ginclude
/
	gconfigs
/
	gtb225
.
	gh


845 ./
	ginclude
/
	gconfigs
/
	gSM850
.
	gh


846 ./
	ginclude
/
	gconfigs
/
	gMIP405
.
	gh


847 ./
	ginclude
/
	gconfigs
/
	gRattler
.
	gh


848 ./
	ginclude
/
	gconfigs
/
	gVOH405
.
	gh


849 ./
	ginclude
/
	gconfigs
/
	gCPCI440
.
	gh


850 ./
	ginclude
/
	gconfigs
/
	gTQM850M
.
	gh


851 ./
	ginclude
/
	gconfigs
/
	gsorcery
.
	gh


852 ./
	ginclude
/
	gconfigs
/
	gPPChameleonEVB
.
	gh


853 ./
	ginclude
/
	gconfigs
/
	gCPC45
.
	gh


854 ./
	ginclude
/
	gconfigs
/
	gSCM
.
	gh


855 ./
	ginclude
/
	gconfigs
/
	gcmc_pu2
.
	gh


856 ./
	ginclude
/
	gconfigs
/
	gRPXlite
.
	gh


857 ./
	ginclude
/
	gconfigs
/
	glubbock
.
	gh


858 ./
	ginclude
/
	gconfigs
/
	gsbc8560
.
	gh


859 ./
	ginclude
/
	gconfigs
/
	gMBX860T
.
	gh


860 ./
	ginclude
/
	gconfigs
/
	gebony
.
	gh


861 ./
	ginclude
/
	gconfigs
/
	gnetstar
.
	gh


862 ./
	ginclude
/
	gconfigs
/
	glwmon
.
	gh


863 ./
	ginclude
/
	gconfigs
/
	gISPAN
.
	gh


864 ./
	ginclude
/
	gconfigs
/
	gGEN860T
.
	gh


865 ./
	ginclude
/
	gconfigs
/
	gCPCI750
.
	gh


866 ./
	ginclude
/
	gconfigs
/
	gTQM834x
.
	gh


867 ./
	ginclude
/
	gconfigs
/
	gMPC8555CDS
.
	gh


868 ./
	ginclude
/
	gconfigs
/
	gPN62
.
	gh


869 ./
	ginclude
/
	gconfigs
/
	gHUB405
.
	gh


870 ./
	ginclude
/
	gconfigs
/
	gap91
.
	gh


871 ./
	ginclude
/
	gconfigs
/
	gap99tpl
.
	gh


872 ./
	ginclude
/
	gconfigs
/
	gIDS8247
.
	gh


873 ./
	ginclude
/
	gconfigs
/
	gintegratorap
.
	gh


874 ./
	ginclude
/
	gconfigs
/
	gPCI5441
.
	gh


875 ./
	ginclude
/
	gconfigs
/
	gERIC
.
	gh


876 ./
	ginclude
/
	gconfigs
/
	gAR405
.
	gh


877 ./
	ginclude
/
	gconfigs
/
	gW7OLMG
.
	gh


878 ./
	ginclude
/
	gconfigs
/
	gcanmb
.
	gh


879 ./
	ginclude
/
	gconfigs
/
	gCPU86
.
	gh


880 ./
	ginclude
/
	gconfigs
/
	gatc
.
	gh


881 ./
	ginclude
/
	gconfigs
/
	gPM826
.
	gh


882 ./
	ginclude
/
	gconfigs
/
	gTQM866M
.
	gh


883 ./
	ginclude
/
	gconfigs
/
	gap94
.
	gh


884 ./
	ginclude
/
	gconfigs
/
	gNETTA2
.
	gh


885 ./
	ginclude
/
	gconfigs
/
	gsc520_cdp
.
	gh


886 ./
	ginclude
/
	gconfigs
/
	gomap1610inn
.
	gh


887 ./
	ginclude
/
	gconfigs
/
	gMPC8260ADS
.
	gh


888 ./
	ginclude
/
	gconfigs
/
	gcsb272
.
	gh


889 ./
	ginclude
/
	gconfigs
/
	gDB64460
.
	gh


890 ./
	ginclude
/
	gconfigs
/
	gTQM862M
.
	gh


891 ./
	ginclude
/
	gconfigs
/
	gJSE
.
	gh


892 ./
	ginclude
/
	gconfigs
/
	gTQM823L
.
	gh


893 ./
	ginclude
/
	gconfigs
/
	glpd7a404
-10.
	gh


894 ./
	ginclude
/
	gconfigs
/
	gLANTEC
.
	gh


895 ./
	ginclude
/
	gconfigs
/
	guc100
.
	gh


896 ./
	ginclude
/
	gconfigs
/
	gQS860T
.
	gh


897 ./
	ginclude
/
	gconfigs
/
	glpd7a400
.
	gh


898 ./
	ginclude
/
	gconfigs
/
	gNETTA
.
	gh


899 ./
	ginclude
/
	gconfigs
/
	gSBC8540
.
	gh


900 ./
	ginclude
/
	gconfigs
/
	gIVML24
.
	gh


901 ./
	ginclude
/
	gconfigs
/
	gep8248
.
	gh


902 ./
	ginclude
/
	gconfigs
/
	gdebris
.
	gh


903 ./
	ginclude
/
	gconfigs
/
	gTotal5200
.
	gh


904 ./
	ginclude
/
	gconfigs
/
	gMPC8541CDS
.
	gh


905 ./
	ginclude
/
	gconfigs
/
	gsmdk2400
.
	gh


906 ./
	ginclude
/
	gconfigs
/
	gPATI
.
	gh


907 ./
	ginclude
/
	gconfigs
/
	gMETROBOX
.
	gh


908 ./
	ginclude
/
	gconfigs
/
	grmu
.
	gh


909 ./
	ginclude
/
	gconfigs
/
	gEVB64260
.
	gh


910 ./
	ginclude
/
	gconfigs
/
	gIP860
.
	gh


911 ./
	ginclude
/
	gconfigs
/
	gstamp
.
	gh


912 ./
	ginclude
/
	gconfigs
/
	gincaip
.
	gh


913 ./
	ginclude
/
	gconfigs
/
	gAP1000
.
	gh


914 ./
	ginclude
/
	gconfigs
/
	gPIP405
.
	gh


915 ./
	ginclude
/
	gconfigs
/
	gRPXsuper
.
	gh


916 ./
	ginclude
/
	gconfigs
/
	gSPD823TS
.
	gh


917 ./
	ginclude
/
	gconfigs
/
	ghmi1001
.
	gh


918 ./
	ginclude
/
	gconfigs
/
	gar7240_emu
.
	gh


919 ./
	ginclude
/
	gconfigs
/
	gsc520_spunk_rel
.
	gh


920 ./
	ginclude
/
	gconfigs
/
	gCPCI2DP
.
	gh


921 ./
	ginclude
/
	gconfigs
/
	gPMC405
.
	gh


922 ./
	ginclude
/
	gconfigs
/
	gCPCI405AB
.
	gh


923 ./
	ginclude
/
	gconfigs
/
	gtb327
.
	gh


924 ./
	ginclude
/
	gconfigs
/
	gTASREG
.
	gh


925 ./
	ginclude
/
	gconfigs
/
	gSX1
.
	gh


926 ./
	ginclude
/
	gconfigs
/
	gh2_p2_dbg_board
.
	gh


927 ./
	ginclude
/
	gconfigs
/
	gCMS700
.
	gh


928 ./
	ginclude
/
	gconfigs
/
	gcm41xx
.
	gh


929 ./
	ginclude
/
	gconfigs
/
	gDK1S10_mtx_ldk_20
.
	gh


930 ./
	ginclude
/
	gconfigs
/
	gOCRTC
.
	gh


931 ./
	ginclude
/
	gconfigs
/
	gMPC8349ADS
.
	gh


932 ./
	ginclude
/
	gconfigs
/
	gzylonite
.
	gh


933 ./
	ginclude
/
	gconfigs
/
	gPM828
.
	gh


934 ./
	ginclude
/
	gconfigs
/
	gpf5200
.
	gh


935 ./
	ginclude
/
	gconfigs
/
	gyellowstone
.
	gh


936 ./
	ginclude
/
	gconfigs
/
	gM5272C3
.
	gh


937 ./
	ginclude
/
	gconfigs
/
	gwalnut
.
	gh


938 ./
	ginclude
/
	gconfigs
/
	gpcu_e
.
	gh


939 ./
	ginclude
/
	gconfigs
/
	gversatile
.
	gh


940 ./
	ginclude
/
	gconfigs
/
	gADNPESC1_base_32
.
	gh


941 ./
	ginclude
/
	gconfigs
/
	gDK1S10_safe_32
.
	gh


942 ./
	ginclude
/
	gconfigs
/
	gomap2420h4
.
	gh


943 ./
	ginclude
/
	gconfigs
/
	gDP405
.
	gh


944 ./
	ginclude
/
	gconfigs
/
	gCPCI405DT
.
	gh


945 ./
	ginclude
/
	gconfigs
/
	gDASA_SIM
.
	gh


946 ./
	ginclude
/
	gconfigs
/
	gESTEEM192E
.
	gh


947 ./
	ginclude
/
	gconfigs
/
	gmp2usb
.
	gh


948 ./
	ginclude
/
	gconfigs
/
	gNETPHONE
.
	gh


949 ./
	ginclude
/
	gconfigs
/
	gtrab
.
	gh


950 ./
	ginclude
/
	gconfigs
/
	garmadillo
.
	gh


951 ./
	ginclude
/
	gconfigs
/
	gRPXlite_DW
.
	gh


952 ./
	ginclude
/
	gconfigs
/
	gPCIPPC2
.
	gh


953 ./
	ginclude
/
	gconfigs
/
	gns9750dev
.
	gh


954 ./
	ginclude
/
	gconfigs
/
	gsbc405
.
	gh


955 ./
	ginclude
/
	gconfigs
/
	glogodl
.
	gh


956 ./
	ginclude
/
	gconfigs
/
	glart
.
	gh


957 ./
	ginclude
/
	gconfigs
/
	gADS860
.
	gh


958 ./
	ginclude
/
	gconfigs
/
	gcm4008
.
	gh


959 ./
	ginclude
/
	gconfigs
/
	gsmdk2410
.
	gh


960 ./
	ginclude
/
	gconfigs
/
	gpb45
.
	gh


961 ./
	ginclude
/
	gconfigs
/
	gQS823
.
	gh


962 ./
	ginclude
/
	gconfigs
/
	gpb42
.
	gh


963 ./
	ginclude
/
	gconfigs
/
	gEXBITGEN
.
	gh


964 ./
	ginclude
/
	gconfigs
/
	gep7312
.
	gh


965 ./
	ginclude
/
	gconfigs
/
	gELPPC
.
	gh


966 ./
	ginclude
/
	gconfigs
/
	gshannon
.
	gh


967 ./
	ginclude
/
	gconfigs
/
	gmx1ads
.
	gh


968 ./
	ginclude
/
	gconfigs
/
	gBMW
.
	gh


969 ./
	ginclude
/
	gconfigs
/
	gap93
.
	gh


970 ./
	ginclude
/
	gconfigs
/
	gMPC86xADS
.
	gh


971 ./
	ginclude
/
	gconfigs
/
	gCATcenter
.
	gh


972 ./
	ginclude
/
	gconfigs
/
	gAlaska8220
.
	gh


973 ./
	ginclude
/
	gconfigs
/
	gHMI10
.
	gh


974 ./
	ginclude
/
	gconfigs
/
	gSL8245
.
	gh


975 ./
	ginclude
/
	gconfigs
/
	gXPEDITE1K
.
	gh


976 ./
	ginclude
/
	gconfigs
/
	gmx1fs2
.
	gh


977 ./
	ginclude
/
	gconfigs
/
	gar7100
.
	gh


978 ./
	ginclude
/
	gconfigs
/
	gKUP4X
.
	gh


979 ./
	ginclude
/
	gconfigs
/
	gDK1S10_standard_32
.
	gh


980 ./
	ginclude
/
	gconfigs
/
	gVOM405
.
	gh


981 ./
	ginclude
/
	gconfigs
/
	gsacsng
.
	gh


982 ./
	ginclude
/
	gconfigs
/
	gstxxtc
.
	gh


983 ./
	ginclude
/
	gconfigs
/
	gCANBT
.
	gh


984 ./
	ginclude
/
	gconfigs
/
	gluan
.
	gh


985 ./
	ginclude
/
	gconfigs
/
	gsuzaku
.
	gh


986 ./
	ginclude
/
	gconfigs
/
	gdbau1x00
.
	gh


987 ./
	ginclude
/
	gconfigs
/
	gap94min
.
	gh


988 ./
	ginclude
/
	gconfigs
/
	gep8260
.
	gh


989 ./
	ginclude
/
	gconfigs
/
	gomap1510
.
	gh


990 ./
	ginclude
/
	gconfigs
/
	ghermes
.
	gh


991 ./
	ginclude
/
	gconfigs
/
	gwepep250
.
	gh


992 ./
	ginclude
/
	gconfigs
/
	gquantum
.
	gh


993 ./
	ginclude
/
	gconfigs
/
	gcsb226
.
	gh


994 ./
	ginclude
/
	gconfigs
/
	gar7240
.
	gh


995 ./
	ginclude
/
	gconfigs
/
	gap96
.
	gh


996 ./
	ginclude
/
	gconfigs
/
	gKAREF
.
	gh


997 ./
	ginclude
/
	gconfigs
/
	gTQM860M
.
	gh


998 ./
	ginclude
/
	gconfigs
/
	gocotea
.
	gh


999 ./
	ginclude
/
	gconfigs
/
	gHH405
.
	gh


1000 ./
	ginclude
/
	gconfigs
/
	gwrt54g
.
	gh


1001 ./
	ginclude
/
	gconfigs
/
	ghymod
.
	gh


1002 ./
	ginclude
/
	gconfigs
/
	grsdproto
.
	gh


1003 ./
	ginclude
/
	gconfigs
/
	glpd7a400
-10.
	gh


1004 ./
	ginclude
/
	gconfigs
/
	gPM856
.
	gh


1005 ./
	ginclude
/
	gconfigs
/
	gbarco
.
	gh


1006 ./
	ginclude
/
	gconfigs
/
	gkb9202
.
	gh


1007 ./
	ginclude
/
	gconfigs
/
	gKUP4K
.
	gh


1008 ./
	ginclude
/
	gconfigs
/
	gBAB7xx
.
	gh


1009 ./
	ginclude
/
	gconfigs
/
	gscb9328
.
	gh


1010 ./
	ginclude
/
	gconfigs
/
	gbamboo
.
	gh


1011 ./
	ginclude
/
	gconfigs
/
	gomap730p2
.
	gh


1012 ./
	ginclude
/
	gconfigs
/
	gdnp1110
.
	gh


1013 ./
	ginclude
/
	gconfigs
/
	geXalion
.
	gh


1014 ./
	ginclude
/
	gconfigs
/
	gc2mon
.
	gh


1015 ./
	ginclude
/
	gconfigs
/
	gVoVPN
-
	gGW
.
	gh


1016 ./
	ginclude
/
	gconfigs
/
	gMHPC
.
	gh


1017 ./
	ginclude
/
	gconfigs
/
	gDK1C20_standard_32
.
	gh


1018 ./
	ginclude
/
	gconfigs
/
	gomap730
.
	gh


1019 ./
	ginclude
/
	gconfigs
/
	gNSCU
.
	gh


1020 ./
	ginclude
/
	gconfigs
/
	ggcplus
.
	gh


1021 ./
	ginclude
/
	gconfigs
/
	gR360MPI
.
	gh


1022 ./
	ginclude
/
	gconfigs
/
	gB2
.
	gh


1023 ./
	ginclude
/
	gconfigs
/
	gELPT860
.
	gh


1024 ./
	ginclude
/
	gconfigs
/
	gDK1C20
.
	gh


1025 ./
	ginclude
/
	gconfigs
/
	gTQM8260
.
	gh


1026 ./
	ginclude
/
	gconfigs
/
	gCPCI405
.
	gh


1027 ./
	ginclude
/
	gconfigs
/
	gCRAYL1
.
	gh


1028 ./
	ginclude
/
	gconfigs
/
	gTQM5200
.
	gh


1029 ./
	ginclude
/
	gconfigs
/
	gcus97
.
	gh


1030 ./
	ginclude
/
	gconfigs
/
	gMVS1
.
	gh


1031 ./
	ginclude
/
	gconfigs
/
	gHIDDEN_DRAGON
.
	gh


1032 ./
	ginclude
/
	gconfigs
/
	gASH405
.
	gh


1033 ./
	ginclude
/
	gconfigs
/
	gPCIPPC6
.
	gh


1034 ./
	ginclude
/
	gconfigs
/
	gbubinga
.
	gh


1035 ./
	ginclude
/
	gconfigs
/
	gmcc200
.
	gh


1036 ./
	ginclude
/
	gconfigs
/
	gevb4510
.
	gh


1037 ./
	ginclude
/
	gconfigs
/
	gv37
.
	gh


1038 ./
	ginclude
/
	gconfigs
/
	gaev
.
	gh


1039 ./
	ginclude
/
	gconfigs
/
	ginnokom
.
	gh


1040 ./
	ginclude
/
	gconfigs
/
	gSXNI855T
.
	gh


1041 ./
	ginclude
/
	gconfigs
/
	gSBC8560
.
	gh


1042 ./
	ginclude
/
	gconfigs
/
	gTOP5200
.
	gh


1043 ./
	ginclude
/
	gconfigs
/
	gFADS823
.
	gh


1044 ./
	ginclude
/
	gconfigs
/
	gxaeniax
.
	gh


1045 ./
	ginclude
/
	gconfigs
/
	gsvm_sc8xx
.
	gh


1046 ./
	ginclude
/
	gconfigs
/
	go2dnt
.
	gh


1047 ./
	ginclude
/
	gconfigs
/
	gcogent_mpc8260
.
	gh


1048 ./
	ginclude
/
	gconfigs
/
	gOXC
.
	gh


1049 ./
	ginclude
/
	gconfigs
/
	gcpci5200
.
	gh


1050 ./
	ginclude
/
	gconfigs
/
	gMPC885ADS
.
	gh


1051 ./
	ginclude
/
	gconfigs
/
	gassabet
.
	gh


1052 ./
	ginclude
/
	gconfigs
/
	gimpa7
.
	gh


1053 ./
	ginclude
/
	gconfigs
/
	gTQM860L
.
	gh


1054 ./
	ginclude
/
	gconfigs
/
	gZUMA
.
	gh


1055 ./
	ginclude
/
	gconfigs
/
	gcerf250
.
	gh


1056 ./
	ginclude
/
	gconfigs
/
	gP3G4
.
	gh


1057 ./
	ginclude
/
	gconfigs
/
	gvoiceblue
.
	gh


1058 ./
	ginclude
/
	gconfigs
/
	gezkit533
.
	gh


1059 ./
	ginclude
/
	gconfigs
/
	gCPU87
.
	gh


1060 ./
	ginclude
/
	gconfigs
/
	gstxgp3
.
	gh


1061 ./
	ginclude
/
	gconfigs
/
	gEP88x
.
	gh


1062 ./
	ginclude
/
	gconfigs
/
	gIAD210
.
	gh


1063 ./
	ginclude
/
	gconfigs
/
	gtb0229
.
	gh


1064 ./
	ginclude
/
	gconfigs
/
	gCPCI4052
.
	gh


1065 ./
	ginclude
/
	gconfigs
/
	gspieval
.
	gh


1066 ./
	ginclude
/
	gconfigs
/
	gixdp425
.
	gh


1067 ./
	ginclude
/
	gconfigs
/
	gomap1610h2
.
	gh


1068 ./
	ginclude
/
	gconfigs
/
	gPK1C20
.
	gh


1069 ./
	ginclude
/
	gconfigs
/
	gdelta
.
	gh


1070 ./
	ginclude
/
	gconfigs
/
	gRBC823
.
	gh


1071 ./
	ginclude
/
	gconfigs
/
	ggw8260
.
	gh


1072 ./
	ginclude
/
	gconfigs
/
	gMPC8548CDS
.
	gh


1073 ./
	ginclude
/
	gconfigs
/
	gMPC8560ADS
.
	gh


1074 ./
	ginclude
/
	gconfigs
/
	gppmc8260
.
	gh


1075 ./
	ginclude
/
	gconfigs
/
	gpb93
.
	gh


1076 ./
	ginclude
/
	gconfigs
/
	ginka4x0
.
	gh


1077 ./
	ginclude
/
	gconfigs
/
	gxsengine
.
	gh


1078 ./
	ginclude
/
	gconfigs
/
	gW7OLMC
.
	gh


1079 ./
	ginclude
/
	gconfigs
/
	gcsb637
.
	gh


1080 ./
	ginclude
/
	gconfigs
/
	gcobra5272
.
	gh


1081 ./
	ginclude
/
	gconfigs
/
	gMOUSSE
.
	gh


1082 ./
	ginclude
/
	gconfigs
/
	gMBX
.
	gh


1083 ./
	ginclude
/
	gconfigs
/
	gTQM862L
.
	gh


1084 ./
	ginclude
/
	gconfigs
/
	gcsb472
.
	gh


1085 ./
	ginclude
/
	gconfigs
/
	gpurple
.
	gh


1086 ./
	ginclude
/
	gconfigs
/
	gpb1x00
.
	gh


1087 ./
	ginclude
/
	gconfigs
/
	gMPC8540ADS
.
	gh


1088 ./
	ginclude
/
	gconfigs
/
	gcmi_mpc5xx
.
	gh


1089 ./
	ginclude
/
	gconfigs
/
	gORSG
.
	gh


1090 ./
	ginclude
/
	gconfigs
/
	gTQM85xx
.
	gh


1091 ./
	ginclude
/
	gconfigs
/
	gTQM855L
.
	gh


1092 ./
	ginclude
/
	gconfigs
/
	gQS850
.
	gh


1093 ./
	ginclude
/
	gconfigs
/
	gPCI405
.
	gh


1094 ./
	ginclude
/
	gconfigs
/
	gFADS860T
.
	gh


1095 ./
	ginclude
/
	gconfigs
/
	gsmmaco4
.
	gh


1096 ./
	ginclude
/
	gconfigs
/
	gG2000
.
	gh


1097 ./
	ginclude
/
	gconfigs
/
	gTQM823M
.
	gh


1098 ./
	ginclude
/
	gconfigs
/
	gSandpoint8245
.
	gh


1099 ./
	ginclude
/
	gconfigs
/
	gxm250
.
	gh


1100 ./
	ginclude
/
	gconfigs
/
	gWUH405
.
	gh


1101 ./
	ginclude
/
	gconfigs
/
	gTQM850L
.
	gh


1102 ./
	ginclude
/
	gconfigs
/
	gETX094
.
	gh


1103 ./
	ginclude
/
	gconfigs
/
	gTOP860
.
	gh


1104 ./
	ginclude
/
	gconfigs
/
	gGENIETV
.
	gh


1105 ./
	ginclude
/
	gconfigs
/
	gAmigaOneG3SE
.
	gh


1106 ./
	ginclude
/
	gconfigs
/
	gomap5912osk
.
	gh


1107 ./
	ginclude
/
	gconfigs
/
	gyosemite
.
	gh


1108 ./
	ginclude
/
	gconfigs
/
	gCU824
.
	gh


1109 ./
	ginclude
/
	gconfigs
/
	gICU862
.
	gh


1110 ./
	ginclude
/
	gconfigs
/
	gFLAGADM
.
	gh


1111 ./
	ginclude
/
	gconfigs
/
	gIVMS8
.
	gh


1112 ./
	ginclude
/
	gconfigs
/
	gadsvix
.
	gh


1113 ./
	ginclude
/
	gconfigs
/
	gpxa255_idp
.
	gh


1114 ./
	ginclude
/
	gconfigs
/
	gtb243
.
	gh


1115 ./
	ginclude
/
	gconfigs
/
	gpleb2
.
	gh


1116 ./
	ginclude
/
	gconfigs
/
	gZPC1900
.
	gh


1117 ./
	ginclude
/
	gconfigs
/
	gCPCIISER4
.
	gh


1118 ./
	ginclude
/
	gconfigs
/
	gPM854
.
	gh


1119 ./
	ginclude
/
	gconfigs
/
	gVCMA9
.
	gh


1120 ./
	ginclude
/
	gconfigs
/
	gsbc8240
.
	gh


1121 ./
	ginclude
/
	gconfigs
/
	gADNPESC1
.
	gh


1122 ./
	ginclude
/
	gconfigs
/
	gSandpoint8240
.
	gh


1123 ./
	ginclude
/
	gconfigs
/
	gPM520
.
	gh


1124 ./
	ginclude
/
	gconfigs
/
	gDB64360
.
	gh


1125 ./
	ginclude
/
	gconfigs
/
	gutx8245
.
	gh


1126 ./
	ginclude
/
	gconfigs
/
	gml300
.
	gh


1127 ./
	ginclude
/
	gconfigs
/
	gat91rm9200dk
.
	gh


1128 ./
	ginclude
/
	gconfigs
/
	gPLU405
.
	gh


1129 ./
	ginclude
/
	gsystemace
.
	gh


1130 ./
	ginclude
/
	gi8042
.
	gh


1131 ./
	ginclude
/
	gmmc
.
	gh


1132 ./
	ginclude
/
	gbedbug
/bedbug.
	gh


1133 ./
	ginclude
/
	gbedbug
/
	gregs
.
	gh


1134 ./
	ginclude
/
	gbedbug
/
	gppc
.
	gh


1135 ./
	ginclude
/
	gbedbug
/
	gtables
.
	gh


1136 ./
	ginclude
/
	gbedbug
/
	gtype
.
	gh


1137 ./
	ginclude
/
	gscsi
.
	gh


1138 ./
	ginclude
/
	gmalloc
.
	gh


1139 ./
	ginclude
/
	gnet
.
	gh


1140 ./
	ginclude
/
	glogbuff
.
	gh


1141 ./
	ginclude
/
	gext2fs
.
	gh


1142 ./
	ginclude
/
	gnios
-
	gio
.
	gh


1143 ./
	ginclude
/
	gasm
-
	gmicroblaze
/
	gstring
.
	gh


1144 ./
	ginclude
/
	gasm
-
	gmicroblaze
/
	gtypes
.
	gh


1145 ./
	ginclude
/
	gasm
-
	gmicroblaze
/
	gglobal_data
.
	gh


1146 ./
	ginclude
/
	gasm
-
	gmicroblaze
/
	gprocessor
.
	gh


1147 ./
	ginclude
/
	gasm
-
	gmicroblaze
/
	gu
-
	gboot
.
	gh


1148 ./
	ginclude
/
	gasm
-
	gmicroblaze
/
	garch
-microblaze/
	gxbasic_types
.
	gh


1149 ./
	ginclude
/
	gasm
-
	gmicroblaze
/
	garch
-microblaze/
	gxuartlite_l
.
	gh


1150 ./
	ginclude
/
	gasm
-
	gmicroblaze
/
	garch
-microblaze/
	gxio
.
	gh


1151 ./
	ginclude
/
	gasm
-
	gmicroblaze
/
	gptrace
.
	gh


1152 ./
	ginclude
/
	gasm
-
	gmicroblaze
/
	gsystem
.
	gh


1153 ./
	ginclude
/
	gasm
-
	gmicroblaze
/
	gserial_xuartlite
.
	gh


1154 ./
	ginclude
/
	gasm
-
	gmicroblaze
/
	gsuzaku
.
	gh


1155 ./
	ginclude
/
	gasm
-
	gmicroblaze
/
	gplatform
.
	gh


1156 ./
	ginclude
/
	gasm
-
	gmicroblaze
/
	gbitops
.
	gh


1157 ./
	ginclude
/
	gasm
-
	gmicroblaze
/
	gposix_types
.
	gh


1158 ./
	ginclude
/
	gasm
-
	gmicroblaze
/
	gio
.
	gh


1159 ./
	ginclude
/
	gasm
-
	gmicroblaze
/
	gbyteorder
.
	gh


1160 ./
	ginclude
/
	gpcmcia
.
	gh


1161 ./
	ginclude
/
	gmpc8220
.
	gh


1162 ./
	ginclude
/
	gxyzModem
.
	gh


1163 ./
	ginclude
/
	gar7100_soc
.
	gh


1164 ./
	ginclude
/
	gnios2
-
	gio
.
	gh


1165 ./
	ginclude
/
	gkeyboard
.
	gh


1166 ./
	ginclude
/
	gata
.
	gh


1167 ./
	ginclude
/
	gxilinx
.
	gh


1168 ./
	ginclude
/
	gpcmcia
/
	gcirrus
.
	gh


1169 ./
	ginclude
/
	gpcmcia
/
	gi82365
.
	gh


1170 ./
	ginclude
/
	gpcmcia
/
	gti113x
.
	gh


1171 ./
	ginclude
/
	gpcmcia
/
	gyenta
.
	gh


1172 ./
	ginclude
/
	gpcmcia
/
	gss
.
	gh


1173 ./
	ginclude
/
	gft_build
.
	gh


1174 ./
	ginclude
/
	gkgdb
.
	gh


1175 ./
	ginclude
/
	gasm
-
	gmips
/
	gaddrspace
.
	gh


1176 ./
	ginclude
/
	gasm
-
	gmips
/
	gstring
.
	gh


1177 ./
	ginclude
/
	gasm
-
	gmips
/
	gtypes
.
	gh


1178 ./
	ginclude
/
	gasm
-
	gmips
/
	gglobal_data
.
	gh


1179 ./
	ginclude
/
	gasm
-
	gmips
/
	greg
.
	gh


1180 ./
	ginclude
/
	gasm
-
	gmips
/
	gprocessor
.
	gh


1181 ./
	ginclude
/
	gasm
-
	gmips
/
	gu
-
	gboot
.
	gh


1182 ./
	ginclude
/
	gasm
-
	gmips
/
	gptrace
.
	gh


1183 ./
	ginclude
/
	gasm
-
	gmips
/
	gisadep
.
	gh


1184 ./
	ginclude
/
	gasm
-
	gmips
/
	gsystem
.
	gh


1185 ./
	ginclude
/
	gasm
-
	gmips
/
	gau1x00
.
	gh


1186 ./
	ginclude
/
	gasm
-
	gmips
/
	gsgidefs
.
	gh


1187 ./
	ginclude
/
	gasm
-
	gmips
/
	gcacheops
.
	gh


1188 ./
	ginclude
/
	gasm
-
	gmips
/
	gbitops
.
	gh


1189 ./
	ginclude
/
	gasm
-
	gmips
/
	gmipsregs
.
	gh


1190 ./
	ginclude
/
	gasm
-
	gmips
/
	gposix_types
.
	gh


1191 ./
	ginclude
/
	gasm
-
	gmips
/
	gio
.
	gh


1192 ./
	ginclude
/
	gasm
-
	gmips
/
	gregdef
.
	gh


1193 ./
	ginclude
/
	gasm
-
	gmips
/
	ginca
-
	gip
.
	gh


1194 ./
	ginclude
/
	gasm
-
	gmips
/
	gcachectl
.
	gh


1195 ./
	ginclude
/
	gasm
-
	gmips
/
	gbyteorder
.
	gh


1196 ./
	ginclude
/405
	g_dimm
.
	gh


1197 ./
	ginclude
/
	gmpc8260_irq
.
	gh


1198 ./
	ginclude
/
	gppc440
.
	gh


1199 ./
	ginclude
/
	gmk48t59
.
	gh


1200 ./
	ginclude
/
	gvideo_logo
.
	gh


1201 ./
	ginclude
/
	gusbdcore_omap1510
.
	gh


1202 ./
	ginclude
/
	gvideo_ad7179
.
	gh


1203 ./
	ginclude
/
	gmpc8xx_irq
.
	gh


1204 ./
	ginclude
/
	gflash
.
	gh


1205 ./
	ginclude
/
	gs3c2400
.
	gh


1206 ./
	ginclude
/
	gs_record
.
	gh


1207 ./
	ginclude
/
	gide
.
	gh


1208 ./
	ginclude
/
	guniverse
.
	gh


1209 ./
	ginclude
/
	garm920t
.
	gh


1210 ./
	ginclude
/
	gspartan2
.
	gh


1211 ./
	ginclude
/
	gcramfs
/
	gcramfs_fs
.
	gh


1212 ./
	ginclude
/
	gcramfs
/
	gcramfs_fs_sb
.
	gh


1213 ./
	ginclude
/
	gbcm5221
.
	gh


1214 ./
	ginclude
/
	glinux_logo
.
	gh


1215 ./
	ginclude
/
	gnios2
-
	gepcs
.
	gh


1216 ./
	ginclude
/
	ge500
.
	gh


1217 ./
	ginclude
/
	ggalileo
/
	gmemory
.
	gh


1218 ./
	ginclude
/
	ggalileo
/
	gpci
.
	gh


1219 ./
	ginclude
/
	ggalileo
/
	gcore
.
	gh


1220 ./
	ginclude
/
	ggalileo
/
	ggt64260R
.
	gh


1221 ./
	ginclude
/
	gat91rm9200_net
.
	gh


1222 ./
	ginclude
/
	greiserfs
.
	gh


1223 ./
	ginclude
/
	gcmd_confdefs
.
	gh


1224 ./
	ginclude
/
	gusb_defs
.
	gh


1225 ./
	ginclude
/
	glists
.
	gh


1226 ./
	ginclude
/
	gppc_defs
.
	gh


1227 ./
	ginclude
/
	gmpc8xx
.
	gh


1228 ./
	ginclude
/
	gnios2
.
	gh


1229 ./
	ginclude
/
	gvideo_ad7176
.
	gh


1230 ./
	ginclude
/
	gmpc5xx
.
	gh


1231 ./
	ginclude
/
	gathversion
.
	gh


1232 ./
	ginclude
/405
	ggp_i2c
.
	gh


1233 ./
	ginclude
/
	gfpga
.
	gh


1234 ./
	ginclude
/
	gLzmaWrapper
.
	gh


1235 ./
	ginclude
/405
	g_mal
.
	gh


1236 ./
	ginclude
/
	gmpc83xx
.
	gh


1237 ./
	ginclude
/
	gioports
.
	gh


1238 ./
	ginclude
/
	gvideo_easylogo
.
	gh


1239 ./
	ginclude
/
	gsmiLynxEM
.
	gh


1240 ./
	ginclude
/
	gns87308
.
	gh


1241 ./
	ginclude
/
	glpd7a400_cpld
.
	gh


1242 ./
	ginclude
/
	garm925t
.
	gh


1243 ./
	ginclude
/
	genvironment
.
	gh


1244 ./
	ginclude
/
	gw83c553f
.
	gh


1245 ./
	ginclude
/
	glh7a40x
.
	gh


1246 ./
	ginclude
/
	gelf
.
	gh


1247 ./
	ginclude
/
	gspd
.
	gh


1248 ./
	ginclude
/
	glinux
/
	gstring
.
	gh


1249 ./
	ginclude
/
	glinux
/
	glist
.
	gh


1250 ./
	ginclude
/
	glinux
/
	gtypes
.
	gh


1251 ./
	ginclude
/
	glinux
/
	gconfig
.
	gh


1252 ./
	ginclude
/
	glinux
/
	gbyteorder
/
	gswab
.
	gh


1253 ./
	ginclude
/
	glinux
/
	gbyteorder
/
	ggeneric
.
	gh


1254 ./
	ginclude
/
	glinux
/
	gbyteorder
/
	glittle_endian
.
	gh


1255 ./
	ginclude
/
	glinux
/
	gbyteorder
/
	gbig_endian
.
	gh


1256 ./
	ginclude
/
	glinux
/
	gmtd
/
	gdoc2000
.
	gh


1257 ./
	ginclude
/
	glinux
/
	gmtd
/
	gnand
.
	gh


1258 ./
	ginclude
/
	glinux
/
	gmtd
/
	gnand_ecc
.
	gh


1259 ./
	ginclude
/
	glinux
/
	gmtd
/mtd-
	gabi
.
	gh


1260 ./
	ginclude
/
	glinux
/
	gmtd
/
	gnand_legacy
.
	gh


1261 ./
	ginclude
/
	glinux
/
	gmtd
/
	gcompat
.
	gh


1262 ./
	ginclude
/
	glinux
/
	gmtd
/
	gnand_ids
.
	gh


1263 ./
	ginclude
/
	glinux
/
	gmtd
/
	gnftl
.
	gh


1264 ./
	ginclude
/
	glinux
/
	gmtd
/mtd.
	gh


1265 ./
	ginclude
/
	glinux
/
	gctype
.
	gh


1266 ./
	ginclude
/
	glinux
/
	gbitops
.
	gh


1267 ./
	ginclude
/
	glinux
/
	gmc146818rtc
.
	gh


1268 ./
	ginclude
/
	glinux
/
	gposix_types
.
	gh


1269 ./
	ginclude
/
	glinux
/
	gstddef
.
	gh


1270 ./
	ginclude
/
	glinux
/
	gstat
.
	gh


1271 ./
	ginclude
/
	glinux
/
	gtime
.
	gh


1272 ./
	ginclude
/
	gserial
.
	gh


1273 ./
	ginclude
/
	gmpc8260
.
	gh


1274 ./
	ginclude
/
	gcrc
.
	gh


1275 ./
	ginclude
/74xx
	g_7xx
.
	gh


1276 ./
	ginclude
/
	gbmp_layout
.
	gh


1277 ./
	ginclude
/
	gns9750_eth
.
	gh


1278 ./
	ginclude
/
	glcdvideo
.
	gh


1279 ./
	ginclude
/
	gvideo_font
.
	gh


1280 ./
	ginclude
/
	gat91rm9200_i2c
.
	gh


1281 ./
	ginclude
/
	gi2c
.
	gh


1282 ./
	ginclude
/405
	ggp_pci
.
	gh


1283 ./
	ginclude
/
	gmii_phy
.
	gh


1284 ./
	ginclude
/
	gmiiphy
.
	gh


1285 ./
	ginclude
/
	gclps7111
.
	gh


1286 ./
	ginclude
/
	glh7a400
.
	gh


1287 ./
	ginclude
/
	gusbdescriptors
.
	gh


1288 ./
	ginclude
/
	gns9750_mem
.
	gh


1289 ./
	ginclude
/
	gasm
-
	gblackfin
/
	gstring
.
	gh


1290 ./
	ginclude
/
	gasm
-
	gblackfin
/
	gtypes
.
	gh


1291 ./
	ginclude
/
	gasm
-
	gblackfin
/
	gglobal_data
.
	gh


1292 ./
	ginclude
/
	gasm
-
	gblackfin
/
	gerrno
.
	gh


1293 ./
	ginclude
/
	gasm
-
	gblackfin
/
	gcurrent
.
	gh


1294 ./
	ginclude
/
	gasm
-
	gblackfin
/
	gpage
.
	gh


1295 ./
	ginclude
/
	gasm
-
	gblackfin
/
	gprocessor
.
	gh


1296 ./
	ginclude
/
	gasm
-
	gblackfin
/
	gshared_resources
.
	gh


1297 ./
	ginclude
/
	gasm
-
	gblackfin
/
	glinkage
.
	gh


1298 ./
	ginclude
/
	gasm
-
	gblackfin
/
	gu
-
	gboot
.
	gh


1299 ./
	ginclude
/
	gasm
-
	gblackfin
/
	gsegment
.
	gh


1300 ./
	ginclude
/
	gasm
-
	gblackfin
/
	gsetup
.
	gh


1301 ./
	ginclude
/
	gasm
-
	gblackfin
/
	gmem_init
.
	gh


1302 ./
	ginclude
/
	gasm
-
	gblackfin
/
	gptrace
.
	gh


1303 ./
	ginclude
/
	gasm
-
	gblackfin
/blackfin.
	gh


1304 ./
	ginclude
/
	gasm
-
	gblackfin
/
	gblackfin_defs
.
	gh


1305 ./
	ginclude
/
	gasm
-
	gblackfin
/
	gmachdep
.
	gh


1306 ./
	ginclude
/
	gasm
-
	gblackfin
/
	gsystem
.
	gh


1307 ./
	ginclude
/
	gasm
-
	gblackfin
/
	gcplb
.
	gh


1308 ./
	ginclude
/
	gasm
-
	gblackfin
/
	gvirtconvert
.
	gh


1309 ./
	ginclude
/
	gasm
-
	gblackfin
/
	gio
-
	gkernel
.
	gh


1310 ./
	ginclude
/
	gasm
-
	gblackfin
/
	gbitops
.
	gh


1311 ./
	ginclude
/
	gasm
-
	gblackfin
/
	gentry
.
	gh


1312 ./
	ginclude
/
	gasm
-
	gblackfin
/
	gcplbtab
.
	gh


1313 ./
	ginclude
/
	gasm
-
	gblackfin
/
	gcpu
/
	gdef_LPBlackfin
.
	gh


1314 ./
	ginclude
/
	gasm
-
	gblackfin
/
	gcpu
/
	gcdefBF531
.
	gh


1315 ./
	ginclude
/
	gasm
-
	gblackfin
/
	gcpu
/
	gcdefBF532
.
	gh


1316 ./
	ginclude
/
	gasm
-
	gblackfin
/
	gcpu
/
	gbf533_serial
.
	gh


1317 ./
	ginclude
/
	gasm
-
	gblackfin
/
	gcpu
/
	gcdefBF53x
.
	gh


1318 ./
	ginclude
/
	gasm
-
	gblackfin
/
	gcpu
/
	gbf533_rtc
.
	gh


1319 ./
	ginclude
/
	gasm
-
	gblackfin
/
	gcpu
/
	gdefBF531
.
	gh


1320 ./
	ginclude
/
	gasm
-
	gblackfin
/
	gcpu
/
	gcdefBF533
.
	gh


1321 ./
	ginclude
/
	gasm
-
	gblackfin
/
	gcpu
/
	gdefBF532
.
	gh


1322 ./
	ginclude
/
	gasm
-
	gblackfin
/
	gcpu
/
	gdefBF533
.
	gh


1323 ./
	ginclude
/
	gasm
-
	gblackfin
/
	gcpu
/
	gcdef_LPBlackfin
.
	gh


1324 ./
	ginclude
/
	gasm
-
	gblackfin
/
	gcpu
/
	gbf533_irq
.
	gh


1325 ./
	ginclude
/
	gasm
-
	gblackfin
/
	gcpu
/
	gdefBF533_extn
.
	gh


1326 ./
	ginclude
/
	gasm
-
	gblackfin
/
	gposix_types
.
	gh


1327 ./
	ginclude
/
	gasm
-
	gblackfin
/
	gio
.
	gh


1328 ./
	ginclude
/
	gasm
-
	gblackfin
/
	gtraps
.
	gh


1329 ./
	ginclude
/
	gasm
-
	gblackfin
/
	gpage_offset
.
	gh


1330 ./
	ginclude
/
	gasm
-
	gblackfin
/
	ghw_irq
.
	gh


1331 ./
	ginclude
/
	gasm
-
	gblackfin
/
	gdelay
.
	gh


1332 ./
	ginclude
/
	gasm
-
	gblackfin
/
	gbyteorder
.
	gh


1333 ./
	ginclude
/
	gasm
-
	gblackfin
/
	girq
.
	gh


1334 ./
	ginclude
/
	gasm
-
	gblackfin
/
	guaccess
.
	gh


1335 ./
	ginclude
/
	garmcoremodule
.
	gh


1336 ./
	ginclude
/
	gwatchdog
.
	gh


1337 ./
	ginclude
/
	gsed13806
.
	gh


1338 ./
	ginclude
/
	gvideo_fb
.
	gh


1339 ./
	ginclude
/
	gsym53c8xx
.
	gh


1340 ./
	ginclude
/
	glxt971a
.
	gh


1341 ./
	ginclude
/
	glh7a404
.
	gh


1342 ./
	ginclude
/
	gps2mult
.
	gh


1343 ./
	ginclude
/
	gasm
-
	gppc
/
	gm8260_pci
.
	gh


1344 ./
	ginclude
/
	gasm
-
	gppc
/
	gstring
.
	gh


1345 ./
	ginclude
/
	gasm
-
	gppc
/
	gtypes
.
	gh


1346 ./
	ginclude
/
	gasm
-
	gppc
/
	gglobal_data
.
	gh


1347 ./
	ginclude
/
	gasm
-
	gppc
/
	giopin_8260
.
	gh


1348 ./
	ginclude
/
	gasm
-
	gppc
/
	gerrno
.
	gh


1349 ./
	ginclude
/
	gasm
-
	gppc
/
	gsigcontext
.
	gh


1350 ./
	ginclude
/
	gasm
-
	gppc
/
	gprocessor
.
	gh


1351 ./
	ginclude
/
	gasm
-
	gppc
/
	gstatus_led
.
	gh


1352 ./
	ginclude
/
	gasm
-
	gppc
/
	gcpm_8260
.
	gh


1353 ./
	ginclude
/
	gasm
-
	gppc
/
	gatomic
.
	gh


1354 ./
	ginclude
/
	gasm
-
	gppc
/
	gu
-
	gboot
.
	gh


1355 ./
	ginclude
/
	gasm
-
	gppc
/
	gimmap_8260
.
	gh


1356 ./
	ginclude
/
	gasm
-
	gppc
/
	gptrace
.
	gh


1357 ./
	ginclude
/
	gasm
-
	gppc
/
	gcache
.
	gh


1358 ./
	ginclude
/
	gasm
-
	gppc
/
	ge300
.
	gh


1359 ./
	ginclude
/
	gasm
-
	gppc
/
	gresidual
.
	gh


1360 ./
	ginclude
/
	gasm
-
	gppc
/
	gcpm_85xx
.
	gh


1361 ./
	ginclude
/
	gasm
-
	gppc
/
	gmmu
.
	gh


1362 ./
	ginclude
/
	gasm
-
	gppc
/
	giopin_8xx
.
	gh


1363 ./
	ginclude
/
	gasm
-
	gppc
/
	gimmap_85xx
.
	gh


1364 ./
	ginclude
/
	gasm
-
	gppc
/
	gimmap_83xx
.
	gh


1365 ./
	ginclude
/
	gasm
-
	gppc
/
	gbitops
.
	gh


1366 ./
	ginclude
/
	gasm
-
	gppc
/
	giopin_85xx
.
	gh


1367 ./
	ginclude
/
	gasm
-
	gppc
/
	gimmap_8220
.
	gh


1368 ./
	ginclude
/
	gasm
-
	gppc
/
	gmc146818rtc
.
	gh


1369 ./
	ginclude
/
	gasm
-
	gppc
/
	gi2c
.
	gh


1370 ./
	ginclude
/
	gasm
-
	gppc
/
	gsignal
.
	gh


1371 ./
	ginclude
/
	gasm
-
	gppc
/
	gpci_io
.
	gh


1372 ./
	ginclude
/
	gasm
-
	gppc
/
	gpnp
.
	gh


1373 ./
	ginclude
/
	gasm
-
	gppc
/
	gposix_types
.
	gh


1374 ./
	ginclude
/
	gasm
-
	gppc
/
	gio
.
	gh


1375 ./
	ginclude
/
	gasm
-
	gppc
/5xx
	g_immap
.
	gh


1376 ./
	ginclude
/
	gasm
-
	gppc
/8xx
	g_immap
.
	gh


1377 ./
	ginclude
/
	gasm
-
	gppc
/
	gmpc8349_pci
.
	gh


1378 ./
	ginclude
/
	gasm
-
	gppc
/
	gbyteorder
.
	gh


1379 ./
	ginclude
/
	gns7520_eth
.
	gh


1380 ./
	ginclude
/
	glcd
.
	gh


1381 ./
	ginclude
/
	garm946es
.
	gh


1382 ./
	ginclude
/
	gppc4xx_enet
.
	gh


1383 ./
	ginclude
/
	gda9030
.
	gh


1384 ./
	ginclude
/
	gspartan3
.
	gh


1385 ./
	ginclude
/
	gmpc5xxx
.
	gh


1386 ./
	ginclude
/
	gmpc824x
.
	gh


1387 ./
	ginclude
/
	gfdc
.
	gh


1388 ./
	ginclude
/
	gjffs2
/jffs2.
	gh


1389 ./
	ginclude
/
	gjffs2
/
	gjffs2_1pass
.
	gh


1390 ./
	ginclude
/
	gjffs2
/
	gmini_inflate
.
	gh


1391 ./
	ginclude
/
	gjffs2
/
	gcompr_rubin
.
	gh


1392 ./
	ginclude
/
	gjffs2
/
	gload_kernel
.
	gh


1393 ./
	ginclude
/
	gns9750_sys
.
	gh


1394 ./
	ginclude
/
	gexports
.
	gh


1395 ./
	ginclude
/
	gnios
.
	gh


1396 ./
	ginclude
/440
	g_i2c
.
	gh


1397 ./
	ginclude
/
	gconsole
.
	gh


1398 ./
	ginclude
/
	gusbdcore_ep0
.
	gh


1399 ./
	ginclude
/
	glynxkdi
.
	gh


1400 ./
	ginclude
/
	gspd_sdram
.
	gh


1401 ./
	ginclude
/
	gspi
.
	gh


1402 ./
	ginclude
/
	gmpc106
.
	gh


1403 ./
	ginclude
/
	gns16550
.
	gh


1404 ./
	ginclude
/
	gs3c24x0
.
	gh


1405 ./
	ginclude
/
	gtpLinuxTag
.
	gh


1406 ./
	ginclude
/
	gsa1100
.
	gh


1407 ./
	ginclude
/
	gpci_ids
.
	gh


1408 ./
	ginclude
/
	gpart
.
	gh


1409 ./
	ginclude
/
	gbzlib
.
	gh


1410 ./
	ginclude
/
	gsm501
.
	gh


1411 ./
	ginclude
/
	gcommproc
.
	gh


1412 ./
	ginclude
/
	gversion
.
	gh


1413 ./
	ginclude
/
	gasm
-
	gi386
/
	gstring
.
	gh


1414 ./
	ginclude
/
	gasm
-
	gi386
/
	gtypes
.
	gh


1415 ./
	ginclude
/
	gasm
-
	gi386
/
	gglobal_data
.
	gh


1416 ./
	ginclude
/
	gasm
-
	gi386
/
	gprocessor
.
	gh


1417 ./
	ginclude
/
	gasm
-
	gi386
/
	gpci
.
	gh


1418 ./
	ginclude
/
	gasm
-
	gi386
/
	gzimage
.
	gh


1419 ./
	ginclude
/
	gasm
-
	gi386
/
	gu
-
	gboot
.
	gh


1420 ./
	ginclude
/
	gasm
-
	gi386
/
	grealmode
.
	gh


1421 ./
	ginclude
/
	gasm
-
	gi386
/
	gptrace
.
	gh


1422 ./
	ginclude
/
	gasm
-
	gi386
/
	gibmpc
.
	gh


1423 ./
	ginclude
/
	gasm
-
	gi386
/
	gu
-
	gboot
-i386.
	gh


1424 ./
	ginclude
/
	gasm
-
	gi386
/
	gbitops
.
	gh


1425 ./
	ginclude
/
	gasm
-
	gi386
/
	gi8259
.
	gh


1426 ./
	ginclude
/
	gasm
-
	gi386
/
	gic
/
	gali512x
.
	gh


1427 ./
	ginclude
/
	gasm
-
	gi386
/
	gic
/
	gsc520
.
	gh


1428 ./
	ginclude
/
	gasm
-
	gi386
/
	gposix_types
.
	gh


1429 ./
	ginclude
/
	gasm
-
	gi386
/
	gio
.
	gh


1430 ./
	ginclude
/
	gasm
-
	gi386
/
	gbyteorder
.
	gh


1431 ./
	ginclude
/
	gasm
-
	gi386
/
	gi8254
.
	gh


1432 ./
	ginclude
/
	gvfd_logo
.
	gh


1433 ./
	ginclude
/
	gvirtex2
.
	gh


1434 ./
	ginclude
/
	gppc405
.
	gh


1435 ./
	gtools
/
	genv
/
	gfw_env
.
	gh


1436 ./
	gtools
/
	ggdb
/
	gerror
.
	gh


1437 ./
	gtools
/
	ggdb
/
	gremote
.
	gh


1438 ./
	gtools
/
	ggdb
/
	gserial
.
	gh


1439 ./
	gfs
/
	greiserfs
/
	greiserfs_private
.
	gh


1440 ./
	gfs
/
	gfdos
/
	gdos
.
	gh


1441 ./
	gfs
/
	gfdos
/fdos.
	gh


1442 ./
	gfs
/
	gjffs2
/
	gjffs2_nand_private
.
	gh


1443 ./
	gfs
/
	gjffs2
/
	gjffs2_private
.
	gh


1444 ./
	glib_generic
/
	gLzmaTypes
.
	gh


1445 ./
	glib_generic
/
	gLzmaDecode
.
	gh


1446 ./
	glib_generic
/
	gbzlib_private
.
	gh


1447 ./
	glib_nios
/
	gmath
.
	gh


1448 ./
	gdrivers
/
	gnicext
.
	gh


1449 ./
	gdrivers
/
	gbcm570x_queue
.
	gh


1450 ./
	gdrivers
/
	gvideomodes
.
	gh


1451 ./
	gdrivers
/
	gsl811
.
	gh


1452 ./
	gdrivers
/
	gtigon3
.
	gh


1453 ./
	gdrivers
/
	gsmc91111
.
	gh


1454 ./
	gdrivers
/
	glan91c96
.
	gh


1455 ./
	gdrivers
/
	gsk98lin
/
	gu
-
	gboot_compat
.
	gh


1456 ./
	gdrivers
/
	gsk98lin
/
	gh
/
	gski2c
.h

1457 ./
	gdrivers
/
	gsk98lin
/
	gh
/
	gskgepnm2
.h

1458 ./
	gdrivers
/
	gsk98lin
/
	gh
/
	gskgedrv
.h

1459 ./
	gdrivers
/
	gsk98lin
/
	gh
/
	gskgei2c
.h

1460 ./
	gdrivers
/
	gsk98lin
/
	gh
/
	gskvpd
.h

1461 ./
	gdrivers
/
	gsk98lin
/
	gh
/
	gskgeinit
.h

1462 ./
	gdrivers
/
	gsk98lin
/
	gh
/
	gskgepnmi
.h

1463 ./
	gdrivers
/
	gsk98lin
/
	gh
/
	gskgehwt
.h

1464 ./
	gdrivers
/
	gsk98lin
/
	gh
/
	gxmac_ii
.h

1465 ./
	gdrivers
/
	gsk98lin
/
	gh
/
	gskaddr
.h

1466 ./
	gdrivers
/
	gsk98lin
/
	gh
/
	gskdebug
.h

1467 ./
	gdrivers
/
	gsk98lin
/
	gh
/
	gskgehw
.h

1468 ./
	gdrivers
/
	gsk98lin
/
	gh
/
	gskversion
.h

1469 ./
	gdrivers
/
	gsk98lin
/
	gh
/
	gskrlmt
.h

1470 ./
	gdrivers
/
	gsk98lin
/
	gh
/
	gskdrv2nd
.h

1471 ./
	gdrivers
/
	gsk98lin
/
	gh
/
	gskgesirq
.h

1472 ./
	gdrivers
/
	gsk98lin
/
	gh
/
	glm80
.h

1473 ./
	gdrivers
/
	gsk98lin
/
	gh
/
	gsktimer
.h

1474 ./
	gdrivers
/
	gsk98lin
/
	gh
/
	gskerror
.h

1475 ./
	gdrivers
/
	gsk98lin
/
	gh
/
	gsktypes
.h

1476 ./
	gdrivers
/
	gsk98lin
/
	gh
/
	gskqueue
.h

1477 ./
	gdrivers
/
	gsk98lin
/
	gh
/
	gskdrv1st
.h

1478 ./
	gdrivers
/
	gsk98lin
/
	gh
/
	gskcsum
.h

1479 ./
	gdrivers
/
	grtl8019
.
	gh


1480 ./
	gdrivers
/
	gbcm570x_debug
.
	gh


1481 ./
	gdrivers
/
	gcs8900
.
	gh


1482 ./
	gdrivers
/
	gbcm570x_lm
.
	gh


1483 ./
	gdrivers
/
	gs3c4510b_uart
.
	gh


1484 ./
	gdrivers
/
	gusbtty
.
	gh


1485 ./
	gdrivers
/5701
	grls
.
	gh


1486 ./
	gdrivers
/
	gdm9000x
.
	gh


1487 ./
	gdrivers
/
	gbcm570x_mm
.
	gh


1488 ./
	gdrivers
/3c589.
	gh


1489 ./
	gdrivers
/
	gbcm570x_autoneg
.
	gh


1490 ./
	gdrivers
/
	gs3c4510b_eth
.
	gh


1491 ./
	gdrivers
/
	gserial_pl011
.
	gh


1492 ./
	gdrivers
/8390.
	gh


1493 ./
	gdrivers
/
	gbcm570x_bits
.
	gh


1494 ./
	gdrivers
/
	gtsec
.
	gh


1495 ./
	gdrivers
/
	ge1000
.
	gh


1496 ./
	gdrivers
/
	gnetarm_eth
.
	gh


1497 ./
	gdrivers
/
	gne2000
.
	gh


1498 ./
	glib_i386
/
	gbios
.
	gh


1499 ./
	gpost
/
	gcpu
/
	gcpu_asm
.
	gh


1500 ./
	gnet
/
	gnfs
.
	gh


1501 ./
	gnet
/
	gtftp
.
	gh


1502 ./
	gnet
/
	grarp
.
	gh


1503 ./
	gnet
/
	gsntp
.
	gh


1504 ./
	gnet
/
	gbootp
.
	gh


1505 ./
	glib_bootstrap
/
	gLzmaTypes
.
	gh


1506 ./
	glib_bootstrap
/
	gLzmaDecode
.
	gh


1507 ./
	glib_nios2
/
	gmath
.
	gh


1508 ./
	gexamples
/
	gtest_burst
.
	gh


1509 ./
	glib_blackfin
/
	gblackfin_board
.
	gh


1510 ./
	gcpu
/
	gmpc8260
/
	gspeed
.
	gh


1511 ./
	gcpu
/
	gmpc8220
/
	gdramSetup
.
	gh


1512 ./
	gcpu
/
	gmpc8220
/
	gi2cCore
.
	gh


1513 ./
	gcpu
/
	gmpc8220
/
	gfec
.
	gh


1514 ./
	gcpu
/
	gmpc8220
/
	gdma
.
	gh


1515 ./
	gcpu
/
	gmpc824x
/
	gdrivers
/
	gi2o
/i2o.
	gh


1516 ./
	gcpu
/
	gmpc824x
/
	gdrivers
/
	gdma
/dma.
	gh


1517 ./
	gcpu
/
	gmpc824x
/
	gdrivers
/
	gdma
/
	gdma_export
.
	gh


1518 ./
	gcpu
/
	gmpc824x
/
	gdrivers
/
	gi2c_export
.
	gh


1519 ./
	gcpu
/
	gmpc824x
/
	gdrivers
/
	gepic
/epic.
	gh


1520 ./
	gcpu
/
	gmpc824x
/
	gdrivers
/
	gepic
.
	gh


1521 ./
	gcpu
/
	gmpc824x
/
	gdrivers
/
	gi2o
.
	gh


1522 ./
	gcpu
/
	gmpc824x
/
	gdrivers
/
	gdma_export
.
	gh


1523 ./
	gcpu
/
	gmpc824x
/
	gdrivers
/
	gerrors
.
	gh


1524 ./
	gcpu
/
	gmpc8xx
/
	gfec
.
	gh


1525 ./
	gcpu
/
	garm920t
/
	gat91rm9200
/
	gusb_ohci
.
	gh


1526 ./
	gcpu
/
	garm920t
/
	gs3c24x0
/
	gusb_ohci
.
	gh


1527 ./
	gcpu
/
	gppc4xx
/
	gusb_ohci
.
	gh


1528 ./
	gcpu
/
	gppc4xx
/
	gsdram
.
	gh


1529 ./
	gcpu
/
	gppc4xx
/
	gusbdev
.
	gh


1530 ./
	gcpu
/
	gppc4xx
/
	gvecnum
.
	gh


1531 ./
	gcpu
/
	gmips
/
	gar7100
/
	gag7100_phy
.
	gh


1532 ./
	gcpu
/
	gmips
/
	gar7100
/
	gag7100
.
	gh


1533 ./
	gcpu
/
	gmips
/
	gau1x00_usb_ohci
.
	gh


1534 ./
	gcpu
/
	gmips
/
	gasc_serial
.
	gh


1535 ./
	gcpu
/
	gmips
/
	gar7240
/
	gag7240_phy
.
	gh


1536 ./
	gcpu
/
	gmips
/
	gar7240
/
	gag7240
.
	gh


1537 ./
	gcpu
/
	gbf533
/
	gbf533_serial
.
	gh


1538 ./
	gcpu
/
	gbf533
/cpu.
	gh


1539 ./
	gcpu
/
	gmpc5xxx
/
	gusb_ohci
.
	gh


1540 ./
	gcpu
/
	gmpc5xxx
/
	gsdma
.
	gh


1541 ./
	gcpu
/
	gmpc5xxx
/
	gfec
.
	gh


1542 ./
	gboard
/
	gar7100
/
	gcommon
/
	gar7100_flash
.
	gh


1543 ./
	gboard
/
	gar7100
/
	gcommon
/
	gathrs26_phy
.
	gh


1544 ./
	gboard
/
	gar7100
/
	gcommon
/
	gathrs16_phy
.
	gh


1545 ./
	gboard
/
	gar7100
/
	gcommon
/
	gipPhy
.
	gh


1546 ./
	gboard
/
	gar7100
/
	gcommon
/
	gvsc8601_phy
.
	gh


1547 ./
	gboard
/
	gar7100
/
	gcommon
/
	ggeneric_spi
.
	gh


1548 ./
	gboard
/
	gar7100
/
	gcommon
/
	ggeneric_i2c
.
	gh


1549 ./
	gboard
/
	gar7100
/
	gcommon
/
	gvsc73xx
.
	gh


1550 ./
	gboard
/
	gar7100
/
	gcommon
/
	gphy
.
	gh


1551 ./
	gboard
/
	gar7100
/
	gap94
/
	gathrs26_phy
.
	gh


1552 ./
	gboard
/
	gar7240
/
	gcommon
/
	gar7240_s26_phy
.
	gh


1553 ./
	gboard
/
	gar7240
/
	gcommon
/
	gathrs16_phy
.
	gh


1554 ./
	gboard
/
	gar7240
/
	gcommon
/
	gar7240_flash
.
	gh


1555 ./
	gboard
/
	gar7240
/
	gcommon
/
	gphy
.
	gh


1556 ./
	gexamples
/
	gmips
.
	glds


1557 ./
	gexamples
/
	gnios
.
	glds


1558 ./
	gexamples
/
	gnios2
.
	glds


1559 ./
	gboard
/
	gar7100
/
	gap96
/
	gu
-
	gboot
.
	glds


1560 ./
	gboard
/
	gar7100
/
	gap81
/
	gu
-
	gboot
.
	glds


1561 ./
	gboard
/
	gar7100
/
	gap83
/
	gu
-
	gboot
.
	glds


1562 ./
	gboard
/
	gar7100
/
	gpb42
/
	gu
-
	gboot
.
	glds


1563 ./
	gboard
/
	gar7100
/
	gpb45
/
	gu
-
	gboot
.
	glds


1564 ./
	gboard
/
	gar7100
/
	gtb243
/
	gu
-
	gboot
.
	glds


1565 ./
	gboard
/
	gar7100
/
	gap94
/
	gu
-
	gboot
.
	glds


1566 ./
	gboard
/
	gar7100
/
	gtb225
/
	gu
-
	gboot
.
	glds


1567 ./
	gboard
/
	gar7240
/
	gar7240_emu
/
	gu
-
	gboot
.
	glds


1568 ./
	gboard
/
	gar7240
/
	gpb90
/
	gu
-
	gboot
.
	glds


1569 ./
	gboard
/
	gar7240
/
	gap91
/
	gu
-
	gboot
.
	glds


1570 ./
	gboard
/
	gar7240
/
	gtb327
/
	gu
-
	gboot
.
	glds


1571 ./
	gboard
/
	gar7240
/
	gap93
/
	gu
-
	gboot
.
	glds


1572 ./
	gboard
/
	gar7240
/
	gpb93
/
	gu
-
	gboot
.
	glds


1573 ./
	gboard
/
	gar7240
/
	gap101
/
	gu
-
	gboot
.
	glds


1574 ./
	gboard
/
	gar7240
/
	gwrt54g
/
	gu
-
	gboot
.
	glds


1575 ./
	gboard
/
	gar7240
/
	gap91
-2
	gMB
/
	gu
-
	gboot
.
	glds


1576 ./
	gboard
/
	gar7240
/
	gap91
-2
	gMB
/
	gu
-
	gboot
-
	gbootstrap
.
	glds


1577 ./
	gboard
/
	gar7240
/
	gap99
/
	gu
-
	gboot
.
	glds


1578 ./
	gconfig
.
	gmk


1579 ./
	garm_config
.
	gmk


1580 ./
	gmips_config
.
	gmk


1581 ./
	ginclude
/
	gconfig
.
	gmk


1582 ./
	gi386_config
.
	gmk


1583 ./
	gpost
/
	grules
.
	gmk


1584 ./
	gblackfin_config
.
	gmk


1585 ./
	gnios_config
.
	gmk


1586 ./
	gppc_config
.
	gmk


1587 ./
	gcpu
/
	gmpc8260
/
	gconfig
.
	gmk


1588 ./
	gcpu
/
	gmpc8220
/
	gconfig
.
	gmk


1589 ./
	gcpu
/
	glh7a40x
/
	gconfig
.
	gmk


1590 ./
	gcpu
/
	gi386
/
	gconfig
.
	gmk


1591 ./
	gcpu
/
	garm946es
/
	gconfig
.
	gmk


1592 ./
	gcpu
/
	gmpc824x
/
	gconfig
.
	gmk


1593 ./
	gcpu
/
	garm1136
/
	gconfig
.
	gmk


1594 ./
	gcpu
/
	gmpc85xx
/
	gconfig
.
	gmk


1595 ./
	gcpu
/
	gsa1100
/
	gconfig
.
	gmk


1596 ./
	gcpu
/74xx
	g_7xx
/
	gconfig
.
	gmk


1597 ./
	gcpu
/
	gixp
/
	gconfig
.
	gmk


1598 ./
	gcpu
/
	gmpc8xx
/
	gconfig
.
	gmk


1599 ./
	gcpu
/
	garm920t
/
	gconfig
.
	gmk


1600 ./
	gcpu
/
	garm_intcm
/
	gconfig
.
	gmk


1601 ./
	gcpu
/
	garm925t
/
	gconfig
.
	gmk


1602 ./
	gcpu
/
	gnios
/
	gconfig
.
	gmk


1603 ./
	gcpu
/
	gnios2
/
	gconfig
.
	gmk


1604 ./
	gcpu
/
	gmcf52x2
/
	gconfig
.
	gmk


1605 ./
	gcpu
/
	garm720t
/
	gconfig
.
	gmk


1606 ./
	gcpu
/
	gppc4xx
/
	gconfig
.
	gmk


1607 ./
	gcpu
/
	gmpc83xx
/
	gconfig
.
	gmk


1608 ./
	gcpu
/
	gmpc5xx
/
	gconfig
.
	gmk


1609 ./
	gcpu
/
	gpxa
/
	gconfig
.
	gmk


1610 ./
	gcpu
/
	gs3c44b0
/
	gconfig
.
	gmk


1611 ./
	gcpu
/
	gmips
/
	gconfig
.
	gmk


1612 ./
	gcpu
/
	gbf533
/
	gconfig
.
	gmk


1613 ./
	gcpu
/
	gmpc5xxx
/
	gconfig
.
	gmk


1614 ./
	gcpu
/
	garm926ejs
/
	gconfig
.
	gmk


1615 ./
	gnios2_config
.
	gmk


1616 ./
	gmicroblaze_config
.
	gmk


1617 ./
	gboard
/
	gar7100
/
	gap96
/
	gconfig
.
	gmk


1618 ./
	gboard
/
	gar7100
/
	gap81
/
	gconfig
.
	gmk


1619 ./
	gboard
/
	gar7100
/
	gap83
/
	gconfig
.
	gmk


1620 ./
	gboard
/
	gar7100
/
	gpb42
/
	gconfig
.
	gmk


1621 ./
	gboard
/
	gar7100
/
	gpb45
/
	gconfig
.
	gmk


1622 ./
	gboard
/
	gar7100
/
	gtb243
/
	gconfig
.
	gmk


1623 ./
	gboard
/
	gar7100
/
	gap94
/
	gconfig
.
	gmk


1624 ./
	gboard
/
	gar7100
/
	gtb225
/
	gconfig
.
	gmk


1625 ./
	gboard
/
	gar7240
/
	gar7240_emu
/
	gconfig
.
	gmk


1626 ./
	gboard
/
	gar7240
/
	gpb90
/
	gconfig
.
	gmk


1627 ./
	gboard
/
	gar7240
/
	gap91
/
	gconfig
.
	gmk


1628 ./
	gboard
/
	gar7240
/
	gtb327
/
	gconfig
.
	gmk


1629 ./
	gboard
/
	gar7240
/
	gap93
/
	gconfig
.
	gmk


1630 ./
	gboard
/
	gar7240
/
	gpb93
/
	gconfig
.
	gmk


1631 ./
	gboard
/
	gar7240
/
	gap101
/
	gconfig
.
	gmk


1632 ./
	gboard
/
	gar7240
/
	gwrt54g
/
	gconfig
.
	gmk


1633 ./
	gboard
/
	gar7240
/
	gap91
-2
	gMB
/
	gconfig
.
	gmk


1634 ./
	gboard
/
	gar7240
/
	gap99
/
	gconfig
.
	gmk


1635 ./
	gm68k_config
.
	gmk


1636 ./
	gtools
/
	gMakefile
.
	gwin32


1637 ./
	gcpu
/
	gmips
/
	gMakefile
.
	gorig


1638 ./
	gtools
/
	gimg2brec
.
	gsh


1639 ./
	gtools
/
	geasylogo
/
	grunme
.
	gsh


1640 ./
	gtools
/
	gupdater
/
	gppcstring
.
	gS


1641 ./
	glib_i386
/
	gbios_pci
.
	gS


1642 ./
	glib_i386
/
	gbios
.
	gS


1643 ./
	glib_i386
/
	grealmode_switch
.
	gS


1644 ./
	glib_arm
/
	g_umodsi3
.
	gS


1645 ./
	glib_arm
/
	g_udivsi3
.
	gS


1646 ./
	gpost
/
	gcache_8xx
.
	gS


1647 ./
	gpost
/
	gcpu
/
	gasm
.
	gS


1648 ./
	glib_nios2
/
	gcache
.
	gS


1649 ./
	gexamples
/
	gppc_setjmp
.
	gS


1650 ./
	gexamples
/
	gppc_longjmp
.
	gS


1651 ./
	gexamples
/
	gtest_burst_lib
.
	gS


1652 ./
	gexamples
/
	ghello_world
.
	gs


1653 ./
	gcpu
/
	gmpc8260
/
	gstart
.
	gS


1654 ./
	gcpu
/
	gmpc8260
/
	gkgdb
.
	gS


1655 ./
	gcpu
/
	gmicroblaze
/
	gstart
.
	gS


1656 ./
	gcpu
/
	gmpc8220
/
	gfec_dma_tasks
.
	gS


1657 ./
	gcpu
/
	gmpc8220
/
	gstart
.
	gS


1658 ./
	gcpu
/
	gmpc8220
/
	gio
.
	gS


1659 ./
	gcpu
/
	glh7a40x
/
	gstart
.
	gS


1660 ./
	gcpu
/
	gi386
/
	gstart
.
	gS


1661 ./
	gcpu
/
	gi386
/
	greset
.
	gS


1662 ./
	gcpu
/
	gi386
/
	gsc520_asm
.
	gS


1663 ./
	gcpu
/
	gi386
/
	gstart16
.
	gS


1664 ./
	gcpu
/
	garm946es
/
	gstart
.
	gS


1665 ./
	gcpu
/
	gmpc824x
/
	gdrivers
/
	gi2o
/
	gi2o2
.
	gS


1666 ./
	gcpu
/
	gmpc824x
/
	gdrivers
/
	gdma
/
	gdma2
.
	gS


1667 ./
	gcpu
/
	gmpc824x
/
	gdrivers
/
	gepic
/
	gepic2
.
	gS


1668 ./
	gcpu
/
	gmpc824x
/
	gdrivers
/
	gepic
/
	gepicutil
.
	gS


1669 ./
	gcpu
/
	gmpc824x
/
	gstart
.
	gS


1670 ./
	gcpu
/
	garm1136
/
	gstart
.
	gS


1671 ./
	gcpu
/
	gmpc85xx
/
	gresetvec
.
	gS


1672 ./
	gcpu
/
	gmpc85xx
/
	gstart
.
	gS


1673 ./
	gcpu
/
	gsa1100
/
	gstart
.
	gS


1674 ./
	gcpu
/74xx
	g_7xx
/
	gstart
.
	gS


1675 ./
	gcpu
/74xx
	g_7xx
/
	gkgdb
.
	gS


1676 ./
	gcpu
/74xx
	g_7xx
/
	gcache
.
	gS


1677 ./
	gcpu
/74xx
	g_7xx
/
	gio
.
	gS


1678 ./
	gcpu
/
	gixp
/
	gstart
.
	gS


1679 ./
	gcpu
/
	gmpc8xx
/
	gplprcr_write
.
	gS


1680 ./
	gcpu
/
	gmpc8xx
/
	gstart
.
	gS


1681 ./
	gcpu
/
	gmpc8xx
/
	gkgdb
.
	gS


1682 ./
	gcpu
/
	garm920t
/
	gat91rm9200
/
	glowlevel_init
.
	gS


1683 ./
	gcpu
/
	garm920t
/
	gstart
.
	gS


1684 ./
	gcpu
/
	garm920t
/
	gks8695
/
	glowlevel_init
.
	gS


1685 ./
	gcpu
/
	garm_intcm
/
	gstart
.
	gS


1686 ./
	gcpu
/
	garm925t
/
	gstart
.
	gS


1687 ./
	gcpu
/
	gnios
/
	gtraps
.
	gS


1688 ./
	gcpu
/
	gnios
/
	gstart
.
	gS


1689 ./
	gcpu
/
	gnios2
/
	gstart
.
	gS


1690 ./
	gcpu
/
	gnios2
/
	gexceptions
.
	gS


1691 ./
	gcpu
/
	gmcf52x2
/
	gstart
.
	gS


1692 ./
	gcpu
/
	garm720t
/
	gstart
.
	gS


1693 ./
	gcpu
/
	gppc4xx
/
	gresetvec
.
	gS


1694 ./
	gcpu
/
	gppc4xx
/
	gstart
.
	gS


1695 ./
	gcpu
/
	gppc4xx
/
	gkgdb
.
	gS


1696 ./
	gcpu
/
	gppc4xx
/
	gdcr
.
	gS


1697 ./
	gcpu
/
	gmpc83xx
/
	gresetvec
.
	gS


1698 ./
	gcpu
/
	gmpc83xx
/
	gstart
.
	gS


1699 ./
	gcpu
/
	gmpc5xx
/
	gstart
.
	gS


1700 ./
	gcpu
/
	gpxa
/
	gstart
.
	gS


1701 ./
	gcpu
/
	gs3c44b0
/
	gstart
.
	gS


1702 ./
	gcpu
/
	gmips
/
	gstart_bootstrap
.
	gS


1703 ./
	gcpu
/
	gmips
/
	gstart
.
	gS


1704 ./
	gcpu
/
	gmips
/
	gincaip_wdt
.
	gS


1705 ./
	gcpu
/
	gmips
/
	gcache
.
	gS


1706 ./
	gcpu
/
	gbf533
/
	ginterrupt
.
	gS


1707 ./
	gcpu
/
	gbf533
/
	gcplbmgr
.
	gS


1708 ./
	gcpu
/
	gbf533
/
	gflush
.
	gS


1709 ./
	gcpu
/
	gbf533
/
	gstart
.
	gS


1710 ./
	gcpu
/
	gbf533
/
	gcplbhdlr
.
	gS


1711 ./
	gcpu
/
	gbf533
/
	gstart1
.
	gS


1712 ./
	gcpu
/
	gbf533
/
	gcache
.
	gS


1713 ./
	gcpu
/
	gmpc5xxx
/
	gfirmware_sc_task_bestcomm
.
	gimpl
.
	gS


1714 ./
	gcpu
/
	gmpc5xxx
/
	gfirmware_sc_task
.
	gimpl
.
	gS


1715 ./
	gcpu
/
	gmpc5xxx
/
	gstart
.
	gS


1716 ./
	gcpu
/
	gmpc5xxx
/
	gio
.
	gS


1717 ./
	gcpu
/
	garm926ejs
/
	gomap
/
	greset
.
	gS


1718 ./
	gcpu
/
	garm926ejs
/
	gversatile
/
	greset
.
	gS


1719 ./
	gcpu
/
	garm926ejs
/
	gstart
.
	gS


1720 ./
	gboard
/
	gar7100
/
	gcommon
/
	glowlevel_init
.
	gS


1721 ./
	gboard
/
	gar7100
/
	gcommon
/
	glowlevel_init_ar9100
.
	gS


1722 ./
	gboard
/
	gar7100
/
	gap94
/
	glowlevel_init
.
	gS


1723 ./
	gboard
/
	gar7240
/
	gcommon
/
	glowlevel_init
.
	gS


1724 ./
	glib_ppc
/
	gppcstring
.
	gS


1725 ./
	glib_ppc
/
	gticks
.
	gS


	@
1
.
1
/usr/include
1
17
841v7_ap99.files
